{"meta": {"format": 3, "version": "7.10.5", "timestamp": "2025-09-24T22:03:39.724239", "branch_coverage": false, "show_contexts": false}, "files": {"config\\__init__.py": {"executed_lines": [1, 25, 26, 46, 47, 48, 49, 51, 52, 53, 54, 57, 58, 59, 60, 61, 62, 63, 64, 65, 66, 67, 68, 69, 70, 71, 72, 73, 74, 75, 76, 77, 78, 79, 80, 81, 82, 83, 84, 85, 86, 89], "summary": {"covered_lines": 41, "num_statements": 46, "percent_covered": 89.1304347826087, "percent_covered_display": "89", "missing_lines": 5, "excluded_lines": 0}, "missing_lines": [140, 142, 143, 144, 147], "excluded_lines": [], "functions": {"": {"executed_lines": [1, 25, 26, 46, 47, 48, 49, 51, 52, 53, 54, 57, 58, 59, 60, 61, 62, 63, 64, 65, 66, 67, 68, 69, 70, 71, 72, 73, 74, 75, 76, 77, 78, 79, 80, 81, 82, 83, 84, 85, 86, 89], "summary": {"covered_lines": 41, "num_statements": 46, "percent_covered": 89.1304347826087, "percent_covered_display": "89", "missing_lines": 5, "excluded_lines": 0}, "missing_lines": [140, 142, 143, 144, 147], "excluded_lines": []}}, "classes": {"": {"executed_lines": [1, 25, 26, 46, 47, 48, 49, 51, 52, 53, 54, 57, 58, 59, 60, 61, 62, 63, 64, 65, 66, 67, 68, 69, 70, 71, 72, 73, 74, 75, 76, 77, 78, 79, 80, 81, 82, 83, 84, 85, 86, 89], "summary": {"covered_lines": 41, "num_statements": 46, "percent_covered": 89.1304347826087, "percent_covered_display": "89", "missing_lines": 5, "excluded_lines": 0}, "missing_lines": [140, 142, 143, 144, 147], "excluded_lines": []}}}, "config\\config.py": {"executed_lines": [1, 201, 202, 203, 204, 205, 206, 209, 212, 213, 214, 217, 218, 219, 222, 223, 224, 225, 228, 231, 232, 233, 234, 235, 238, 239, 240, 243, 244, 245, 246, 247, 250, 251, 252, 255, 256, 259, 260, 261, 263, 264, 265, 267, 268, 274, 275, 277, 278, 279, 286, 287, 288, 291, 294, 297, 299, 300, 301, 310, 311, 316, 317, 326, 327, 328, 331, 332, 333, 334, 335, 336, 337, 340, 343, 344, 346, 347, 348, 351, 352, 353, 356, 357, 360, 361, 364, 365, 368, 369, 370, 373, 376, 379, 380, 383, 384, 386, 391, 392, 393, 396, 397, 398, 399, 402, 403, 406, 407, 408, 410, 411, 412, 413, 414, 415, 418, 421, 422, 424, 425, 426, 427, 428, 429, 430, 431, 432, 433, 434, 435, 436, 439, 440, 442, 443, 444, 446, 448, 449, 451, 452, 453, 454, 457, 460, 461, 462, 463, 466, 467, 468, 469, 470, 471, 472, 473, 477, 486, 488, 523, 525, 529, 532, 534, 537, 542, 547, 562, 564, 567, 572, 577, 583, 588, 593, 598, 603, 609, 614, 619, 624, 629, 634, 640, 645, 653, 658, 663, 736, 787], "summary": {"covered_lines": 182, "num_statements": 295, "percent_covered": 61.69491525423729, "percent_covered_display": "62", "missing_lines": 113, "excluded_lines": 0}, "missing_lines": [388, 479, 480, 481, 483, 484, 490, 493, 515, 516, 518, 520, 521, 539, 544, 549, 550, 569, 574, 579, 585, 590, 595, 600, 605, 611, 616, 621, 626, 631, 636, 642, 647, 648, 650, 655, 660, 673, 674, 676, 687, 688, 691, 692, 695, 696, 699, 700, 701, 702, 703, 704, 705, 706, 707, 708, 710, 713, 715, 716, 718, 719, 720, 721, 722, 723, 724, 726, 727, 728, 730, 731, 733, 743, 746, 747, 748, 749, 750, 751, 752, 753, 754, 755, 758, 759, 760, 761, 762, 763, 764, 765, 766, 767, 770, 771, 772, 773, 774, 775, 776, 777, 778, 779, 780, 781, 783, 784, 789, 790, 791, 792, 793], "excluded_lines": [], "functions": {"ExcelStructureConfig.__post_init__": {"executed_lines": [264, 265, 267, 268, 274, 275, 277, 278, 279], "summary": {"covered_lines": 9, "num_statements": 9, "percent_covered": 100.0, "percent_covered_display": "100", "missing_lines": 0, "excluded_lines": 0}, "missing_lines": [], "excluded_lines": []}, "FinancialMetricsConfig.__post_init__": {"executed_lines": [300, 301, 310, 311, 316, 317], "summary": {"covered_lines": 6, "num_statements": 6, "percent_covered": 100.0, "percent_covered_display": "100", "missing_lines": 0, "excluded_lines": 0}, "missing_lines": [], "excluded_lines": []}, "DCFConfig.__post_init__": {"executed_lines": [347, 348], "summary": {"covered_lines": 2, "num_statements": 2, "percent_covered": 100.0, "percent_covered_display": "100", "missing_lines": 0, "excluded_lines": 0}, "missing_lines": [], "excluded_lines": []}, "ExportConfig.get_effective_export_directory": {"executed_lines": [], "summary": {"covered_lines": 0, "num_statements": 1, "percent_covered": 0.0, "percent_covered_display": "0", "missing_lines": 1, "excluded_lines": 0}, "missing_lines": [388], "excluded_lines": []}, "ApplicationConfig.__post_init__": {"executed_lines": [425, 426, 427, 428, 429, 430, 431, 432, 433, 434, 435, 436], "summary": {"covered_lines": 12, "num_statements": 12, "percent_covered": 100.0, "percent_covered_display": "100", "missing_lines": 0, "excluded_lines": 0}, "missing_lines": [], "excluded_lines": []}, "ConfigManager.__init__": {"executed_lines": [443, 444], "summary": {"covered_lines": 2, "num_statements": 2, "percent_covered": 100.0, "percent_covered_display": "100", "missing_lines": 0, "excluded_lines": 0}, "missing_lines": [], "excluded_lines": []}, "ConfigManager.load_config": {"executed_lines": [448, 449, 451, 452, 453, 454, 457, 460, 461, 462, 463, 466, 467, 468, 469, 470, 471, 472, 473, 477, 486], "summary": {"covered_lines": 21, "num_statements": 26, "percent_covered": 80.76923076923077, "percent_covered_display": "81", "missing_lines": 5, "excluded_lines": 0}, "missing_lines": [479, 480, 481, 483, 484], "excluded_lines": []}, "ConfigManager.save_config": {"executed_lines": [], "summary": {"covered_lines": 0, "num_statements": 7, "percent_covered": 0.0, "percent_covered_display": "0", "missing_lines": 7, "excluded_lines": 0}, "missing_lines": [490, 493, 515, 516, 518, 520, 521], "excluded_lines": []}, "ConfigManager.get_config": {"executed_lines": [525], "summary": {"covered_lines": 1, "num_statements": 1, "percent_covered": 100.0, "percent_covered_display": "100", "missing_lines": 0, "excluded_lines": 0}, "missing_lines": [], "excluded_lines": []}, "get_config": {"executed_lines": [534], "summary": {"covered_lines": 1, "num_statements": 1, "percent_covered": 100.0, "percent_covered_display": "100", "missing_lines": 0, "excluded_lines": 0}, "missing_lines": [], "excluded_lines": []}, "get_excel_config": {"executed_lines": [], "summary": {"covered_lines": 0, "num_statements": 1, "percent_covered": 0.0, "percent_covered_display": "0", "missing_lines": 1, "excluded_lines": 0}, "missing_lines": [539], "excluded_lines": []}, "get_financial_metrics_config": {"executed_lines": [], "summary": {"covered_lines": 0, "num_statements": 1, "percent_covered": 0.0, "percent_covered_display": "0", "missing_lines": 1, "excluded_lines": 0}, "missing_lines": [544], "excluded_lines": []}, "get_format_detection_config": {"executed_lines": [], "summary": {"covered_lines": 0, "num_statements": 2, "percent_covered": 0.0, "percent_covered_display": "0", "missing_lines": 2, "excluded_lines": 0}, "missing_lines": [549, 550], "excluded_lines": []}, "get_dcf_config": {"executed_lines": [564], "summary": {"covered_lines": 1, "num_statements": 1, "percent_covered": 100.0, "percent_covered_display": "100", "missing_lines": 0, "excluded_lines": 0}, "missing_lines": [], "excluded_lines": []}, "get_validation_config": {"executed_lines": [], "summary": {"covered_lines": 0, "num_statements": 1, "percent_covered": 0.0, "percent_covered_display": "0", "missing_lines": 1, "excluded_lines": 0}, "missing_lines": [569], "excluded_lines": []}, "get_export_config": {"executed_lines": [], "summary": {"covered_lines": 0, "num_statements": 1, "percent_covered": 0.0, "percent_covered_display": "0", "missing_lines": 1, "excluded_lines": 0}, "missing_lines": [574], "excluded_lines": []}, "get_ui_config": {"executed_lines": [], "summary": {"covered_lines": 0, "num_statements": 1, "percent_covered": 0.0, "percent_covered_display": "0", "missing_lines": 1, "excluded_lines": 0}, "missing_lines": [579], "excluded_lines": []}, "get_data_start_column": {"executed_lines": [], "summary": {"covered_lines": 0, "num_statements": 1, "percent_covered": 0.0, "percent_covered_display": "0", "missing_lines": 1, "excluded_lines": 0}, "missing_lines": [585], "excluded_lines": []}, "get_ltm_column": {"executed_lines": [], "summary": {"covered_lines": 0, "num_statements": 1, "percent_covered": 0.0, "percent_covered_display": "0", "missing_lines": 1, "excluded_lines": 0}, "missing_lines": [590], "excluded_lines": []}, "get_max_scan_rows": {"executed_lines": [], "summary": {"covered_lines": 0, "num_statements": 1, "percent_covered": 0.0, "percent_covered_display": "0", "missing_lines": 1, "excluded_lines": 0}, "missing_lines": [595], "excluded_lines": []}, "get_default_discount_rate": {"executed_lines": [], "summary": {"covered_lines": 0, "num_statements": 1, "percent_covered": 0.0, "percent_covered_display": "0", "missing_lines": 1, "excluded_lines": 0}, "missing_lines": [600], "excluded_lines": []}, "get_default_terminal_growth_rate": {"executed_lines": [], "summary": {"covered_lines": 0, "num_statements": 1, "percent_covered": 0.0, "percent_covered_display": "0", "missing_lines": 1, "excluded_lines": 0}, "missing_lines": [605], "excluded_lines": []}, "get_default_company_name": {"executed_lines": [], "summary": {"covered_lines": 0, "num_statements": 1, "percent_covered": 0.0, "percent_covered_display": "0", "missing_lines": 1, "excluded_lines": 0}, "missing_lines": [611], "excluded_lines": []}, "get_unknown_company_name": {"executed_lines": [], "summary": {"covered_lines": 0, "num_statements": 1, "percent_covered": 0.0, "percent_covered_display": "0", "missing_lines": 1, "excluded_lines": 0}, "missing_lines": [616], "excluded_lines": []}, "get_unknown_ticker": {"executed_lines": [], "summary": {"covered_lines": 0, "num_statements": 1, "percent_covered": 0.0, "percent_covered_display": "0", "missing_lines": 1, "excluded_lines": 0}, "missing_lines": [621], "excluded_lines": []}, "get_unknown_fcf_type": {"executed_lines": [], "summary": {"covered_lines": 0, "num_statements": 1, "percent_covered": 0.0, "percent_covered_display": "0", "missing_lines": 1, "excluded_lines": 0}, "missing_lines": [626], "excluded_lines": []}, "get_test_company_name": {"executed_lines": [], "summary": {"covered_lines": 0, "num_statements": 1, "percent_covered": 0.0, "percent_covered_display": "0", "missing_lines": 1, "excluded_lines": 0}, "missing_lines": [631], "excluded_lines": []}, "get_test_company_ticker": {"executed_lines": [], "summary": {"covered_lines": 0, "num_statements": 1, "percent_covered": 0.0, "percent_covered_display": "0", "missing_lines": 1, "excluded_lines": 0}, "missing_lines": [636], "excluded_lines": []}, "get_export_directory": {"executed_lines": [], "summary": {"covered_lines": 0, "num_statements": 1, "percent_covered": 0.0, "percent_covered_display": "0", "missing_lines": 1, "excluded_lines": 0}, "missing_lines": [642], "excluded_lines": []}, "set_user_export_directory": {"executed_lines": [], "summary": {"covered_lines": 0, "num_statements": 3, "percent_covered": 0.0, "percent_covered_display": "0", "missing_lines": 3, "excluded_lines": 0}, "missing_lines": [647, 648, 650], "excluded_lines": []}, "get_timestamp_format": {"executed_lines": [], "summary": {"covered_lines": 0, "num_statements": 1, "percent_covered": 0.0, "percent_covered_display": "0", "missing_lines": 1, "excluded_lines": 0}, "missing_lines": [655], "excluded_lines": []}, "should_include_timestamp": {"executed_lines": [], "summary": {"covered_lines": 0, "num_statements": 1, "percent_covered": 0.0, "percent_covered_display": "0", "missing_lines": 1, "excluded_lines": 0}, "missing_lines": [660], "excluded_lines": []}, "validate_export_directory": {"executed_lines": [], "summary": {"covered_lines": 0, "num_statements": 36, "percent_covered": 0.0, "percent_covered_display": "0", "missing_lines": 36, "excluded_lines": 0}, "missing_lines": [673, 674, 676, 687, 688, 691, 692, 695, 696, 699, 700, 701, 702, 703, 704, 705, 706, 707, 708, 710, 713, 715, 716, 718, 719, 720, 721, 722, 723, 724, 726, 727, 728, 730, 731, 733], "excluded_lines": []}, "ensure_export_directory": {"executed_lines": [], "summary": {"covered_lines": 0, "num_statements": 35, "percent_covered": 0.0, "percent_covered_display": "0", "missing_lines": 35, "excluded_lines": 0}, "missing_lines": [743, 746, 747, 748, 749, 750, 751, 752, 753, 754, 755, 758, 759, 760, 761, 762, 763, 764, 765, 766, 767, 770, 771, 772, 773, 774, 775, 776, 777, 778, 779, 780, 781, 783, 784], "excluded_lines": []}, "": {"executed_lines": [1, 201, 202, 203, 204, 205, 206, 209, 212, 213, 214, 217, 218, 219, 222, 223, 224, 225, 228, 231, 232, 233, 234, 235, 238, 239, 240, 243, 244, 245, 246, 247, 250, 251, 252, 255, 256, 259, 260, 261, 263, 286, 287, 288, 291, 294, 297, 299, 326, 327, 328, 331, 332, 333, 334, 335, 336, 337, 340, 343, 344, 346, 351, 352, 353, 356, 357, 360, 361, 364, 365, 368, 369, 370, 373, 376, 379, 380, 383, 384, 386, 391, 392, 393, 396, 397, 398, 399, 402, 403, 406, 407, 408, 410, 411, 412, 413, 414, 415, 418, 421, 422, 424, 439, 440, 442, 446, 488, 523, 529, 532, 537, 542, 547, 562, 567, 572, 577, 583, 588, 593, 598, 603, 609, 614, 619, 624, 629, 634, 640, 645, 653, 658, 663, 736, 787], "summary": {"covered_lines": 127, "num_statements": 132, "percent_covered": 96.21212121212122, "percent_covered_display": "96", "missing_lines": 5, "excluded_lines": 0}, "missing_lines": [789, 790, 791, 792, 793], "excluded_lines": []}}, "classes": {"ExcelStructureConfig": {"executed_lines": [264, 265, 267, 268, 274, 275, 277, 278, 279], "summary": {"covered_lines": 9, "num_statements": 9, "percent_covered": 100.0, "percent_covered_display": "100", "missing_lines": 0, "excluded_lines": 0}, "missing_lines": [], "excluded_lines": []}, "FinancialMetricsConfig": {"executed_lines": [300, 301, 310, 311, 316, 317], "summary": {"covered_lines": 6, "num_statements": 6, "percent_covered": 100.0, "percent_covered_display": "100", "missing_lines": 0, "excluded_lines": 0}, "missing_lines": [], "excluded_lines": []}, "DCFConfig": {"executed_lines": [347, 348], "summary": {"covered_lines": 2, "num_statements": 2, "percent_covered": 100.0, "percent_covered_display": "100", "missing_lines": 0, "excluded_lines": 0}, "missing_lines": [], "excluded_lines": []}, "ValidationConfig": {"executed_lines": [], "summary": {"covered_lines": 0, "num_statements": 0, "percent_covered": 100.0, "percent_covered_display": "100", "missing_lines": 0, "excluded_lines": 0}, "missing_lines": [], "excluded_lines": []}, "ExportConfig": {"executed_lines": [], "summary": {"covered_lines": 0, "num_statements": 1, "percent_covered": 0.0, "percent_covered_display": "0", "missing_lines": 1, "excluded_lines": 0}, "missing_lines": [388], "excluded_lines": []}, "UIConfig": {"executed_lines": [], "summary": {"covered_lines": 0, "num_statements": 0, "percent_covered": 100.0, "percent_covered_display": "100", "missing_lines": 0, "excluded_lines": 0}, "missing_lines": [], "excluded_lines": []}, "ApplicationConfig": {"executed_lines": [425, 426, 427, 428, 429, 430, 431, 432, 433, 434, 435, 436], "summary": {"covered_lines": 12, "num_statements": 12, "percent_covered": 100.0, "percent_covered_display": "100", "missing_lines": 0, "excluded_lines": 0}, "missing_lines": [], "excluded_lines": []}, "ConfigManager": {"executed_lines": [443, 444, 448, 449, 451, 452, 453, 454, 457, 460, 461, 462, 463, 466, 467, 468, 469, 470, 471, 472, 473, 477, 486, 525], "summary": {"covered_lines": 24, "num_statements": 36, "percent_covered": 66.66666666666667, "percent_covered_display": "67", "missing_lines": 12, "excluded_lines": 0}, "missing_lines": [479, 480, 481, 483, 484, 490, 493, 515, 516, 518, 520, 521], "excluded_lines": []}, "": {"executed_lines": [1, 201, 202, 203, 204, 205, 206, 209, 212, 213, 214, 217, 218, 219, 222, 223, 224, 225, 228, 231, 232, 233, 234, 235, 238, 239, 240, 243, 244, 245, 246, 247, 250, 251, 252, 255, 256, 259, 260, 261, 263, 286, 287, 288, 291, 294, 297, 299, 326, 327, 328, 331, 332, 333, 334, 335, 336, 337, 340, 343, 344, 346, 351, 352, 353, 356, 357, 360, 361, 364, 365, 368, 369, 370, 373, 376, 379, 380, 383, 384, 386, 391, 392, 393, 396, 397, 398, 399, 402, 403, 406, 407, 408, 410, 411, 412, 413, 414, 415, 418, 421, 422, 424, 439, 440, 442, 446, 488, 523, 529, 532, 534, 537, 542, 547, 562, 564, 567, 572, 577, 583, 588, 593, 598, 603, 609, 614, 619, 624, 629, 634, 640, 645, 653, 658, 663, 736, 787], "summary": {"covered_lines": 129, "num_statements": 229, "percent_covered": 56.33187772925764, "percent_covered_display": "56", "missing_lines": 100, "excluded_lines": 0}, "missing_lines": [539, 544, 549, 550, 569, 574, 579, 585, 590, 595, 600, 605, 611, 616, 621, 626, 631, 636, 642, 647, 648, 650, 655, 660, 673, 674, 676, 687, 688, 691, 692, 695, 696, 699, 700, 701, 702, 703, 704, 705, 706, 707, 708, 710, 713, 715, 716, 718, 719, 720, 721, 722, 723, 724, 726, 727, 728, 730, 731, 733, 743, 746, 747, 748, 749, 750, 751, 752, 753, 754, 755, 758, 759, 760, 761, 762, 763, 764, 765, 766, 767, 770, 771, 772, 773, 774, 775, 776, 777, 778, 779, 780, 781, 783, 784, 789, 790, 791, 792, 793], "excluded_lines": []}}}, "config\\constants.py": {"executed_lines": [1, 17, 18, 19, 20, 23, 24, 25, 28, 29, 30, 37, 38, 41, 42, 43, 44, 47, 48, 49, 50, 57, 58, 59, 60, 63, 64, 65, 66, 69, 70, 77, 78, 79, 82, 83, 84, 85, 88, 89, 92, 93, 94, 100, 101, 102, 103, 110, 111, 112, 113, 114, 117, 118, 119, 126, 127, 128, 129, 132, 133, 136, 137, 138, 139, 142, 143, 144, 145, 146, 153, 154, 155, 156, 157, 160, 161, 162, 165, 166, 167, 174, 175, 176, 177, 178, 181, 182, 189, 190, 191, 192, 195, 196, 197, 198, 205, 206, 207, 208, 209, 210, 213, 225, 226, 227, 228, 231, 238, 239, 240, 241, 244, 259, 260, 261, 264, 265, 266, 269, 270, 271, 272, 279, 280, 281, 282, 285, 286, 287, 294, 295, 296, 299, 300, 301, 304, 305, 306, 309, 310, 311, 312, 313, 314], "summary": {"covered_lines": 144, "num_statements": 144, "percent_covered": 100.0, "percent_covered_display": "100", "missing_lines": 0, "excluded_lines": 0}, "missing_lines": [], "excluded_lines": [], "functions": {"": {"executed_lines": [1, 17, 18, 19, 20, 23, 24, 25, 28, 29, 30, 37, 38, 41, 42, 43, 44, 47, 48, 49, 50, 57, 58, 59, 60, 63, 64, 65, 66, 69, 70, 77, 78, 79, 82, 83, 84, 85, 88, 89, 92, 93, 94, 100, 101, 102, 103, 110, 111, 112, 113, 114, 117, 118, 119, 126, 127, 128, 129, 132, 133, 136, 137, 138, 139, 142, 143, 144, 145, 146, 153, 154, 155, 156, 157, 160, 161, 162, 165, 166, 167, 174, 175, 176, 177, 178, 181, 182, 189, 190, 191, 192, 195, 196, 197, 198, 205, 206, 207, 208, 209, 210, 213, 225, 226, 227, 228, 231, 238, 239, 240, 241, 244, 259, 260, 261, 264, 265, 266, 269, 270, 271, 272, 279, 280, 281, 282, 285, 286, 287, 294, 295, 296, 299, 300, 301, 304, 305, 306, 309, 310, 311, 312, 313, 314], "summary": {"covered_lines": 144, "num_statements": 144, "percent_covered": 100.0, "percent_covered_display": "100", "missing_lines": 0, "excluded_lines": 0}, "missing_lines": [], "excluded_lines": []}}, "classes": {"": {"executed_lines": [1, 17, 18, 19, 20, 23, 24, 25, 28, 29, 30, 37, 38, 41, 42, 43, 44, 47, 48, 49, 50, 57, 58, 59, 60, 63, 64, 65, 66, 69, 70, 77, 78, 79, 82, 83, 84, 85, 88, 89, 92, 93, 94, 100, 101, 102, 103, 110, 111, 112, 113, 114, 117, 118, 119, 126, 127, 128, 129, 132, 133, 136, 137, 138, 139, 142, 143, 144, 145, 146, 153, 154, 155, 156, 157, 160, 161, 162, 165, 166, 167, 174, 175, 176, 177, 178, 181, 182, 189, 190, 191, 192, 195, 196, 197, 198, 205, 206, 207, 208, 209, 210, 213, 225, 226, 227, 228, 231, 238, 239, 240, 241, 244, 259, 260, 261, 264, 265, 266, 269, 270, 271, 272, 279, 280, 281, 282, 285, 286, 287, 294, 295, 296, 299, 300, 301, 304, 305, 306, 309, 310, 311, 312, 313, 314], "summary": {"covered_lines": 144, "num_statements": 144, "percent_covered": 100.0, "percent_covered_display": "100", "missing_lines": 0, "excluded_lines": 0}, "missing_lines": [], "excluded_lines": []}}}, "config\\settings.py": {"executed_lines": [1, 16, 17, 18, 19, 20, 21, 23, 45, 48, 49, 50, 51, 52, 55, 56, 57, 60, 61, 64, 65, 66, 67, 68, 69, 72, 73, 74, 75, 78, 79, 80, 81, 84, 85, 86, 89, 90, 91, 92, 93, 96, 97, 98, 99, 102, 103, 104, 105, 106, 107, 108, 109, 112, 113, 114, 117, 118, 119, 122, 123, 124, 126, 128, 129, 130, 133, 134, 135, 138, 141, 142, 143, 144, 147, 148, 149, 150, 153, 154, 157, 159, 161, 162, 166, 167, 168, 171, 174, 177, 178, 179, 182, 183, 185, 187, 188, 192, 193, 194, 197, 198, 201, 204, 205, 207, 212, 213, 214, 217, 218, 221, 222, 223, 226, 227, 230, 231, 232, 235, 236, 239, 240, 243, 244, 247, 248, 249, 251, 254, 255, 256, 257, 258, 259, 262, 263, 266, 267, 268, 270, 271, 273, 276, 277, 278, 279, 280, 281, 282, 284, 286, 287, 303, 304, 324, 325, 327, 328, 330, 332, 333, 334, 336, 338, 339, 341, 343, 345, 346, 347, 356, 357, 364, 368, 373, 397, 420, 469, 472, 477, 482, 487, 492, 497, 502, 507, 512, 517, 522, 528, 533, 538, 543], "summary": {"covered_lines": 184, "num_statements": 278, "percent_covered": 66.18705035971223, "percent_covered_display": "66", "missing_lines": 94, "excluded_lines": 0}, "missing_lines": [163, 189, 209, 289, 292, 293, 294, 295, 296, 297, 298, 299, 301, 306, 309, 310, 311, 312, 313, 314, 315, 316, 317, 318, 319, 321, 348, 349, 350, 351, 353, 354, 359, 360, 361, 362, 366, 370, 371, 381, 382, 383, 386, 387, 390, 391, 393, 394, 395, 407, 408, 409, 411, 412, 414, 416, 417, 418, 427, 429, 430, 433, 434, 436, 437, 440, 441, 443, 444, 447, 453, 454, 457, 458, 459, 460, 462, 463, 465, 474, 479, 484, 489, 494, 499, 504, 509, 514, 519, 524, 530, 535, 540, 545], "excluded_lines": [], "functions": {"ApiConfig.__post_init__": {"executed_lines": [128, 129, 130], "summary": {"covered_lines": 3, "num_statements": 3, "percent_covered": 100.0, "percent_covered_display": "100", "missing_lines": 0, "excluded_lines": 0}, "missing_lines": [], "excluded_lines": []}, "CacheConfig.__post_init__": {"executed_lines": [161, 162], "summary": {"covered_lines": 2, "num_statements": 3, "percent_covered": 66.66666666666667, "percent_covered_display": "67", "missing_lines": 1, "excluded_lines": 0}, "missing_lines": [163], "excluded_lines": []}, "LoggingConfig.__post_init__": {"executed_lines": [187, 188], "summary": {"covered_lines": 2, "num_statements": 3, "percent_covered": 66.66666666666667, "percent_covered_display": "67", "missing_lines": 1, "excluded_lines": 0}, "missing_lines": [189], "excluded_lines": []}, "DatabaseConfig.get_db_path": {"executed_lines": [], "summary": {"covered_lines": 0, "num_statements": 1, "percent_covered": 0.0, "percent_covered_display": "0", "missing_lines": 1, "excluded_lines": 0}, "missing_lines": [209], "excluded_lines": []}, "EnvironmentSettings.for_development": {"executed_lines": [273, 276, 277, 278, 279, 280, 281, 282, 284], "summary": {"covered_lines": 9, "num_statements": 9, "percent_covered": 100.0, "percent_covered_display": "100", "missing_lines": 0, "excluded_lines": 0}, "missing_lines": [], "excluded_lines": []}, "EnvironmentSettings.for_testing": {"executed_lines": [], "summary": {"covered_lines": 0, "num_statements": 10, "percent_covered": 0.0, "percent_covered_display": "0", "missing_lines": 10, "excluded_lines": 0}, "missing_lines": [289, 292, 293, 294, 295, 296, 297, 298, 299, 301], "excluded_lines": []}, "EnvironmentSettings.for_production": {"executed_lines": [], "summary": {"covered_lines": 0, "num_statements": 13, "percent_covered": 0.0, "percent_covered_display": "0", "missing_lines": 13, "excluded_lines": 0}, "missing_lines": [306, 309, 310, 311, 312, 313, 314, 315, 316, 317, 318, 319, 321], "excluded_lines": []}, "SettingsManager.__new__": {"executed_lines": [332, 333, 334], "summary": {"covered_lines": 3, "num_statements": 3, "percent_covered": 100.0, "percent_covered_display": "100", "missing_lines": 0, "excluded_lines": 0}, "missing_lines": [], "excluded_lines": []}, "SettingsManager.__init__": {"executed_lines": [338, 339], "summary": {"covered_lines": 2, "num_statements": 2, "percent_covered": 100.0, "percent_covered_display": "100", "missing_lines": 0, "excluded_lines": 0}, "missing_lines": [], "excluded_lines": []}, "SettingsManager._load_settings": {"executed_lines": [343, 345, 346, 347, 356, 357], "summary": {"covered_lines": 6, "num_statements": 16, "percent_covered": 37.5, "percent_covered_display": "38", "missing_lines": 10, "excluded_lines": 0}, "missing_lines": [348, 349, 350, 351, 353, 354, 359, 360, 361, 362], "excluded_lines": []}, "SettingsManager.get_settings": {"executed_lines": [], "summary": {"covered_lines": 0, "num_statements": 1, "percent_covered": 0.0, "percent_covered_display": "0", "missing_lines": 1, "excluded_lines": 0}, "missing_lines": [366], "excluded_lines": []}, "SettingsManager.reload_settings": {"executed_lines": [], "summary": {"covered_lines": 0, "num_statements": 2, "percent_covered": 0.0, "percent_covered_display": "0", "missing_lines": 2, "excluded_lines": 0}, "missing_lines": [370, 371], "excluded_lines": []}, "SettingsManager.update_setting": {"executed_lines": [], "summary": {"covered_lines": 0, "num_statements": 10, "percent_covered": 0.0, "percent_covered_display": "0", "missing_lines": 10, "excluded_lines": 0}, "missing_lines": [381, 382, 383, 386, 387, 390, 391, 393, 394, 395], "excluded_lines": []}, "SettingsManager.get_setting": {"executed_lines": [], "summary": {"covered_lines": 0, "num_statements": 9, "percent_covered": 0.0, "percent_covered_display": "0", "missing_lines": 9, "excluded_lines": 0}, "missing_lines": [407, 408, 409, 411, 412, 414, 416, 417, 418], "excluded_lines": []}, "SettingsManager.validate_settings": {"executed_lines": [], "summary": {"covered_lines": 0, "num_statements": 21, "percent_covered": 0.0, "percent_covered_display": "0", "missing_lines": 21, "excluded_lines": 0}, "missing_lines": [427, 429, 430, 433, 434, 436, 437, 440, 441, 443, 444, 447, 453, 454, 457, 458, 459, 460, 462, 463, 465], "excluded_lines": []}, "get_settings": {"executed_lines": [], "summary": {"covered_lines": 0, "num_statements": 1, "percent_covered": 0.0, "percent_covered_display": "0", "missing_lines": 1, "excluded_lines": 0}, "missing_lines": [474], "excluded_lines": []}, "reload_settings": {"executed_lines": [], "summary": {"covered_lines": 0, "num_statements": 1, "percent_covered": 0.0, "percent_covered_display": "0", "missing_lines": 1, "excluded_lines": 0}, "missing_lines": [479], "excluded_lines": []}, "update_setting": {"executed_lines": [], "summary": {"covered_lines": 0, "num_statements": 1, "percent_covered": 0.0, "percent_covered_display": "0", "missing_lines": 1, "excluded_lines": 0}, "missing_lines": [484], "excluded_lines": []}, "get_setting": {"executed_lines": [], "summary": {"covered_lines": 0, "num_statements": 1, "percent_covered": 0.0, "percent_covered_display": "0", "missing_lines": 1, "excluded_lines": 0}, "missing_lines": [489], "excluded_lines": []}, "validate_settings": {"executed_lines": [], "summary": {"covered_lines": 0, "num_statements": 1, "percent_covered": 0.0, "percent_covered_display": "0", "missing_lines": 1, "excluded_lines": 0}, "missing_lines": [494], "excluded_lines": []}, "get_api_config": {"executed_lines": [], "summary": {"covered_lines": 0, "num_statements": 1, "percent_covered": 0.0, "percent_covered_display": "0", "missing_lines": 1, "excluded_lines": 0}, "missing_lines": [499], "excluded_lines": []}, "get_cache_config": {"executed_lines": [], "summary": {"covered_lines": 0, "num_statements": 1, "percent_covered": 0.0, "percent_covered_display": "0", "missing_lines": 1, "excluded_lines": 0}, "missing_lines": [504], "excluded_lines": []}, "get_logging_config": {"executed_lines": [], "summary": {"covered_lines": 0, "num_statements": 1, "percent_covered": 0.0, "percent_covered_display": "0", "missing_lines": 1, "excluded_lines": 0}, "missing_lines": [509], "excluded_lines": []}, "get_database_config": {"executed_lines": [], "summary": {"covered_lines": 0, "num_statements": 1, "percent_covered": 0.0, "percent_covered_display": "0", "missing_lines": 1, "excluded_lines": 0}, "missing_lines": [514], "excluded_lines": []}, "get_security_config": {"executed_lines": [], "summary": {"covered_lines": 0, "num_statements": 1, "percent_covered": 0.0, "percent_covered_display": "0", "missing_lines": 1, "excluded_lines": 0}, "missing_lines": [519], "excluded_lines": []}, "get_performance_config": {"executed_lines": [], "summary": {"covered_lines": 0, "num_statements": 1, "percent_covered": 0.0, "percent_covered_display": "0", "missing_lines": 1, "excluded_lines": 0}, "missing_lines": [524], "excluded_lines": []}, "is_development": {"executed_lines": [], "summary": {"covered_lines": 0, "num_statements": 1, "percent_covered": 0.0, "percent_covered_display": "0", "missing_lines": 1, "excluded_lines": 0}, "missing_lines": [530], "excluded_lines": []}, "is_testing": {"executed_lines": [], "summary": {"covered_lines": 0, "num_statements": 1, "percent_covered": 0.0, "percent_covered_display": "0", "missing_lines": 1, "excluded_lines": 0}, "missing_lines": [535], "excluded_lines": []}, "is_production": {"executed_lines": [], "summary": {"covered_lines": 0, "num_statements": 1, "percent_covered": 0.0, "percent_covered_display": "0", "missing_lines": 1, "excluded_lines": 0}, "missing_lines": [540], "excluded_lines": []}, "get_current_environment": {"executed_lines": [], "summary": {"covered_lines": 0, "num_statements": 1, "percent_covered": 0.0, "percent_covered_display": "0", "missing_lines": 1, "excluded_lines": 0}, "missing_lines": [545], "excluded_lines": []}, "": {"executed_lines": [1, 16, 17, 18, 19, 20, 21, 23, 45, 48, 49, 50, 51, 52, 55, 56, 57, 60, 61, 64, 65, 66, 67, 68, 69, 72, 73, 74, 75, 78, 79, 80, 81, 84, 85, 86, 89, 90, 91, 92, 93, 96, 97, 98, 99, 102, 103, 104, 105, 106, 107, 108, 109, 112, 113, 114, 117, 118, 119, 122, 123, 124, 126, 133, 134, 135, 138, 141, 142, 143, 144, 147, 148, 149, 150, 153, 154, 157, 159, 166, 167, 168, 171, 174, 177, 178, 179, 182, 183, 185, 192, 193, 194, 197, 198, 201, 204, 205, 207, 212, 213, 214, 217, 218, 221, 222, 223, 226, 227, 230, 231, 232, 235, 236, 239, 240, 243, 244, 247, 248, 249, 251, 254, 255, 256, 257, 258, 259, 262, 263, 266, 267, 268, 270, 271, 286, 287, 303, 304, 324, 325, 327, 328, 330, 336, 341, 364, 368, 373, 397, 420, 469, 472, 477, 482, 487, 492, 497, 502, 507, 512, 517, 522, 528, 533, 538, 543], "summary": {"covered_lines": 157, "num_statements": 157, "percent_covered": 100.0, "percent_covered_display": "100", "missing_lines": 0, "excluded_lines": 0}, "missing_lines": [], "excluded_lines": []}}, "classes": {"Environment": {"executed_lines": [], "summary": {"covered_lines": 0, "num_statements": 0, "percent_covered": 100.0, "percent_covered_display": "100", "missing_lines": 0, "excluded_lines": 0}, "missing_lines": [], "excluded_lines": []}, "ApiConfig": {"executed_lines": [128, 129, 130], "summary": {"covered_lines": 3, "num_statements": 3, "percent_covered": 100.0, "percent_covered_display": "100", "missing_lines": 0, "excluded_lines": 0}, "missing_lines": [], "excluded_lines": []}, "CacheConfig": {"executed_lines": [161, 162], "summary": {"covered_lines": 2, "num_statements": 3, "percent_covered": 66.66666666666667, "percent_covered_display": "67", "missing_lines": 1, "excluded_lines": 0}, "missing_lines": [163], "excluded_lines": []}, "LoggingConfig": {"executed_lines": [187, 188], "summary": {"covered_lines": 2, "num_statements": 3, "percent_covered": 66.66666666666667, "percent_covered_display": "67", "missing_lines": 1, "excluded_lines": 0}, "missing_lines": [189], "excluded_lines": []}, "DatabaseConfig": {"executed_lines": [], "summary": {"covered_lines": 0, "num_statements": 1, "percent_covered": 0.0, "percent_covered_display": "0", "missing_lines": 1, "excluded_lines": 0}, "missing_lines": [209], "excluded_lines": []}, "SecurityConfig": {"executed_lines": [], "summary": {"covered_lines": 0, "num_statements": 0, "percent_covered": 100.0, "percent_covered_display": "100", "missing_lines": 0, "excluded_lines": 0}, "missing_lines": [], "excluded_lines": []}, "PerformanceConfig": {"executed_lines": [], "summary": {"covered_lines": 0, "num_statements": 0, "percent_covered": 100.0, "percent_covered_display": "100", "missing_lines": 0, "excluded_lines": 0}, "missing_lines": [], "excluded_lines": []}, "EnvironmentSettings": {"executed_lines": [273, 276, 277, 278, 279, 280, 281, 282, 284], "summary": {"covered_lines": 9, "num_statements": 32, "percent_covered": 28.125, "percent_covered_display": "28", "missing_lines": 23, "excluded_lines": 0}, "missing_lines": [289, 292, 293, 294, 295, 296, 297, 298, 299, 301, 306, 309, 310, 311, 312, 313, 314, 315, 316, 317, 318, 319, 321], "excluded_lines": []}, "SettingsManager": {"executed_lines": [332, 333, 334, 338, 339, 343, 345, 346, 347, 356, 357], "summary": {"covered_lines": 11, "num_statements": 64, "percent_covered": 17.1875, "percent_covered_display": "17", "missing_lines": 53, "excluded_lines": 0}, "missing_lines": [348, 349, 350, 351, 353, 354, 359, 360, 361, 362, 366, 370, 371, 381, 382, 383, 386, 387, 390, 391, 393, 394, 395, 407, 408, 409, 411, 412, 414, 416, 417, 418, 427, 429, 430, 433, 434, 436, 437, 440, 441, 443, 444, 447, 453, 454, 457, 458, 459, 460, 462, 463, 465], "excluded_lines": []}, "": {"executed_lines": [1, 16, 17, 18, 19, 20, 21, 23, 45, 48, 49, 50, 51, 52, 55, 56, 57, 60, 61, 64, 65, 66, 67, 68, 69, 72, 73, 74, 75, 78, 79, 80, 81, 84, 85, 86, 89, 90, 91, 92, 93, 96, 97, 98, 99, 102, 103, 104, 105, 106, 107, 108, 109, 112, 113, 114, 117, 118, 119, 122, 123, 124, 126, 133, 134, 135, 138, 141, 142, 143, 144, 147, 148, 149, 150, 153, 154, 157, 159, 166, 167, 168, 171, 174, 177, 178, 179, 182, 183, 185, 192, 193, 194, 197, 198, 201, 204, 205, 207, 212, 213, 214, 217, 218, 221, 222, 223, 226, 227, 230, 231, 232, 235, 236, 239, 240, 243, 244, 247, 248, 249, 251, 254, 255, 256, 257, 258, 259, 262, 263, 266, 267, 268, 270, 271, 286, 287, 303, 304, 324, 325, 327, 328, 330, 336, 341, 364, 368, 373, 397, 420, 469, 472, 477, 482, 487, 492, 497, 502, 507, 512, 517, 522, 528, 533, 538, 543], "summary": {"covered_lines": 157, "num_statements": 172, "percent_covered": 91.27906976744185, "percent_covered_display": "91", "missing_lines": 15, "excluded_lines": 0}, "missing_lines": [474, 479, 484, 489, 494, 499, 504, 509, 514, 519, 524, 530, 535, 540, 545], "excluded_lines": []}}}}, "totals": {"covered_lines": 551, "num_statements": 763, "percent_covered": 72.21494102228047, "percent_covered_display": "72", "missing_lines": 212, "excluded_lines": 0}}