{"meta": {"format": 3, "version": "7.10.5", "timestamp": "2025-08-27T18:47:06.415869", "branch_coverage": false, "show_contexts": false}, "files": {"config\\__init__.py": {"executed_lines": [], "summary": {"covered_lines": 0, "num_statements": 46, "percent_covered": 0.0, "percent_covered_display": "0.00", "missing_lines": 46, "excluded_lines": 0}, "missing_lines": [25, 26, 46, 47, 48, 49, 51, 52, 53, 54, 57, 58, 59, 60, 61, 62, 63, 64, 65, 66, 67, 68, 69, 70, 71, 72, 73, 74, 75, 76, 77, 78, 79, 80, 81, 82, 83, 84, 85, 86, 89, 140, 142, 143, 144, 147], "excluded_lines": [], "functions": {"": {"executed_lines": [], "summary": {"covered_lines": 0, "num_statements": 46, "percent_covered": 0.0, "percent_covered_display": "0.00", "missing_lines": 46, "excluded_lines": 0}, "missing_lines": [25, 26, 46, 47, 48, 49, 51, 52, 53, 54, 57, 58, 59, 60, 61, 62, 63, 64, 65, 66, 67, 68, 69, 70, 71, 72, 73, 74, 75, 76, 77, 78, 79, 80, 81, 82, 83, 84, 85, 86, 89, 140, 142, 143, 144, 147], "excluded_lines": []}}, "classes": {"": {"executed_lines": [], "summary": {"covered_lines": 0, "num_statements": 46, "percent_covered": 0.0, "percent_covered_display": "0.00", "missing_lines": 46, "excluded_lines": 0}, "missing_lines": [25, 26, 46, 47, 48, 49, 51, 52, 53, 54, 57, 58, 59, 60, 61, 62, 63, 64, 65, 66, 67, 68, 69, 70, 71, 72, 73, 74, 75, 76, 77, 78, 79, 80, 81, 82, 83, 84, 85, 86, 89, 140, 142, 143, 144, 147], "excluded_lines": []}}}, "config\\constants.py": {"executed_lines": [], "summary": {"covered_lines": 0, "num_statements": 140, "percent_covered": 0.0, "percent_covered_display": "0.00", "missing_lines": 140, "excluded_lines": 0}, "missing_lines": [17, 18, 19, 22, 23, 24, 27, 28, 29, 36, 37, 40, 41, 42, 45, 46, 47, 48, 55, 56, 57, 58, 61, 62, 63, 64, 67, 68, 75, 76, 77, 80, 81, 82, 83, 86, 87, 90, 91, 92, 98, 99, 100, 101, 108, 109, 110, 111, 112, 115, 116, 117, 124, 125, 126, 127, 130, 131, 134, 135, 136, 137, 140, 141, 142, 143, 144, 151, 152, 153, 154, 155, 158, 159, 160, 163, 164, 165, 172, 173, 174, 175, 178, 179, 186, 187, 188, 189, 192, 193, 194, 195, 202, 203, 204, 205, 206, 207, 210, 211, 212, 213, 216, 223, 224, 225, 226, 229, 244, 245, 246, 249, 250, 251, 254, 255, 256, 257, 264, 265, 266, 267, 270, 271, 272, 279, 280, 281, 284, 285, 286, 289, 290, 291, 294, 295, 296, 297, 298, 299], "excluded_lines": [], "functions": {"": {"executed_lines": [], "summary": {"covered_lines": 0, "num_statements": 140, "percent_covered": 0.0, "percent_covered_display": "0.00", "missing_lines": 140, "excluded_lines": 0}, "missing_lines": [17, 18, 19, 22, 23, 24, 27, 28, 29, 36, 37, 40, 41, 42, 45, 46, 47, 48, 55, 56, 57, 58, 61, 62, 63, 64, 67, 68, 75, 76, 77, 80, 81, 82, 83, 86, 87, 90, 91, 92, 98, 99, 100, 101, 108, 109, 110, 111, 112, 115, 116, 117, 124, 125, 126, 127, 130, 131, 134, 135, 136, 137, 140, 141, 142, 143, 144, 151, 152, 153, 154, 155, 158, 159, 160, 163, 164, 165, 172, 173, 174, 175, 178, 179, 186, 187, 188, 189, 192, 193, 194, 195, 202, 203, 204, 205, 206, 207, 210, 211, 212, 213, 216, 223, 224, 225, 226, 229, 244, 245, 246, 249, 250, 251, 254, 255, 256, 257, 264, 265, 266, 267, 270, 271, 272, 279, 280, 281, 284, 285, 286, 289, 290, 291, 294, 295, 296, 297, 298, 299], "excluded_lines": []}}, "classes": {"": {"executed_lines": [], "summary": {"covered_lines": 0, "num_statements": 140, "percent_covered": 0.0, "percent_covered_display": "0.00", "missing_lines": 140, "excluded_lines": 0}, "missing_lines": [17, 18, 19, 22, 23, 24, 27, 28, 29, 36, 37, 40, 41, 42, 45, 46, 47, 48, 55, 56, 57, 58, 61, 62, 63, 64, 67, 68, 75, 76, 77, 80, 81, 82, 83, 86, 87, 90, 91, 92, 98, 99, 100, 101, 108, 109, 110, 111, 112, 115, 116, 117, 124, 125, 126, 127, 130, 131, 134, 135, 136, 137, 140, 141, 142, 143, 144, 151, 152, 153, 154, 155, 158, 159, 160, 163, 164, 165, 172, 173, 174, 175, 178, 179, 186, 187, 188, 189, 192, 193, 194, 195, 202, 203, 204, 205, 206, 207, 210, 211, 212, 213, 216, 223, 224, 225, 226, 229, 244, 245, 246, 249, 250, 251, 254, 255, 256, 257, 264, 265, 266, 267, 270, 271, 272, 279, 280, 281, 284, 285, 286, 289, 290, 291, 294, 295, 296, 297, 298, 299], "excluded_lines": []}}}, "config\\settings.py": {"executed_lines": [], "summary": {"covered_lines": 0, "num_statements": 261, "percent_covered": 0.0, "percent_covered_display": "0.00", "missing_lines": 261, "excluded_lines": 0}, "missing_lines": [16, 17, 18, 19, 20, 21, 23, 45, 48, 50, 51, 52, 55, 56, 60, 61, 64, 65, 66, 67, 68, 69, 72, 73, 74, 75, 78, 79, 80, 81, 84, 85, 86, 89, 90, 91, 94, 95, 96, 99, 100, 101, 103, 105, 106, 107, 110, 111, 115, 118, 119, 120, 121, 124, 125, 126, 127, 130, 131, 134, 136, 138, 139, 140, 143, 144, 148, 151, 154, 155, 156, 159, 160, 162, 164, 165, 166, 169, 170, 174, 175, 178, 181, 182, 184, 186, 189, 190, 194, 195, 198, 199, 200, 203, 204, 207, 208, 212, 213, 216, 217, 220, 221, 224, 225, 228, 231, 232, 233, 234, 235, 236, 239, 240, 243, 244, 245, 247, 248, 250, 253, 254, 255, 256, 257, 258, 259, 261, 263, 264, 266, 269, 270, 271, 272, 273, 274, 275, 276, 278, 280, 281, 283, 286, 287, 288, 289, 290, 291, 292, 293, 294, 295, 296, 298, 301, 304, 305, 307, 309, 310, 311, 313, 315, 316, 318, 320, 322, 323, 324, 325, 326, 327, 328, 330, 331, 333, 334, 336, 337, 338, 339, 341, 343, 345, 347, 348, 350, 358, 359, 360, 363, 364, 367, 368, 370, 371, 372, 374, 384, 385, 386, 388, 389, 391, 393, 394, 395, 397, 404, 406, 407, 410, 411, 413, 414, 417, 418, 420, 421, 424, 430, 431, 434, 435, 436, 437, 439, 440, 442, 446, 449, 451, 454, 456, 459, 461, 464, 466, 469, 471, 474, 476, 479, 481, 484, 486, 489, 491, 494, 496, 499, 501, 505, 507, 510, 512, 515, 517, 520, 522], "excluded_lines": [], "functions": {"ApiConfig.__post_init__": {"executed_lines": [], "summary": {"covered_lines": 0, "num_statements": 3, "percent_covered": 0.0, "percent_covered_display": "0.00", "missing_lines": 3, "excluded_lines": 0}, "missing_lines": [105, 106, 107], "excluded_lines": []}, "CacheConfig.__post_init__": {"executed_lines": [], "summary": {"covered_lines": 0, "num_statements": 3, "percent_covered": 0.0, "percent_covered_display": "0.00", "missing_lines": 3, "excluded_lines": 0}, "missing_lines": [138, 139, 140], "excluded_lines": []}, "LoggingConfig.__post_init__": {"executed_lines": [], "summary": {"covered_lines": 0, "num_statements": 3, "percent_covered": 0.0, "percent_covered_display": "0.00", "missing_lines": 3, "excluded_lines": 0}, "missing_lines": [164, 165, 166], "excluded_lines": []}, "DatabaseConfig.get_db_path": {"executed_lines": [], "summary": {"covered_lines": 0, "num_statements": 1, "percent_covered": 0.0, "percent_covered_display": "0.00", "missing_lines": 1, "excluded_lines": 0}, "missing_lines": [186], "excluded_lines": []}, "EnvironmentSettings.for_development": {"executed_lines": [], "summary": {"covered_lines": 0, "num_statements": 9, "percent_covered": 0.0, "percent_covered_display": "0.00", "missing_lines": 9, "excluded_lines": 0}, "missing_lines": [250, 253, 254, 255, 256, 257, 258, 259, 261], "excluded_lines": []}, "EnvironmentSettings.for_testing": {"executed_lines": [], "summary": {"covered_lines": 0, "num_statements": 10, "percent_covered": 0.0, "percent_covered_display": "0.00", "missing_lines": 10, "excluded_lines": 0}, "missing_lines": [266, 269, 270, 271, 272, 273, 274, 275, 276, 278], "excluded_lines": []}, "EnvironmentSettings.for_production": {"executed_lines": [], "summary": {"covered_lines": 0, "num_statements": 13, "percent_covered": 0.0, "percent_covered_display": "0.00", "missing_lines": 13, "excluded_lines": 0}, "missing_lines": [283, 286, 287, 288, 289, 290, 291, 292, 293, 294, 295, 296, 298], "excluded_lines": []}, "SettingsManager.__new__": {"executed_lines": [], "summary": {"covered_lines": 0, "num_statements": 3, "percent_covered": 0.0, "percent_covered_display": "0.00", "missing_lines": 3, "excluded_lines": 0}, "missing_lines": [309, 310, 311], "excluded_lines": []}, "SettingsManager.__init__": {"executed_lines": [], "summary": {"covered_lines": 0, "num_statements": 2, "percent_covered": 0.0, "percent_covered_display": "0.00", "missing_lines": 2, "excluded_lines": 0}, "missing_lines": [315, 316], "excluded_lines": []}, "SettingsManager._load_settings": {"executed_lines": [], "summary": {"covered_lines": 0, "num_statements": 16, "percent_covered": 0.0, "percent_covered_display": "0.00", "missing_lines": 16, "excluded_lines": 0}, "missing_lines": [320, 322, 323, 324, 325, 326, 327, 328, 330, 331, 333, 334, 336, 337, 338, 339], "excluded_lines": []}, "SettingsManager.get_settings": {"executed_lines": [], "summary": {"covered_lines": 0, "num_statements": 1, "percent_covered": 0.0, "percent_covered_display": "0.00", "missing_lines": 1, "excluded_lines": 0}, "missing_lines": [343], "excluded_lines": []}, "SettingsManager.reload_settings": {"executed_lines": [], "summary": {"covered_lines": 0, "num_statements": 2, "percent_covered": 0.0, "percent_covered_display": "0.00", "missing_lines": 2, "excluded_lines": 0}, "missing_lines": [347, 348], "excluded_lines": []}, "SettingsManager.update_setting": {"executed_lines": [], "summary": {"covered_lines": 0, "num_statements": 10, "percent_covered": 0.0, "percent_covered_display": "0.00", "missing_lines": 10, "excluded_lines": 0}, "missing_lines": [358, 359, 360, 363, 364, 367, 368, 370, 371, 372], "excluded_lines": []}, "SettingsManager.get_setting": {"executed_lines": [], "summary": {"covered_lines": 0, "num_statements": 9, "percent_covered": 0.0, "percent_covered_display": "0.00", "missing_lines": 9, "excluded_lines": 0}, "missing_lines": [384, 385, 386, 388, 389, 391, 393, 394, 395], "excluded_lines": []}, "SettingsManager.validate_settings": {"executed_lines": [], "summary": {"covered_lines": 0, "num_statements": 21, "percent_covered": 0.0, "percent_covered_display": "0.00", "missing_lines": 21, "excluded_lines": 0}, "missing_lines": [404, 406, 407, 410, 411, 413, 414, 417, 418, 420, 421, 424, 430, 431, 434, 435, 436, 437, 439, 440, 442], "excluded_lines": []}, "get_settings": {"executed_lines": [], "summary": {"covered_lines": 0, "num_statements": 1, "percent_covered": 0.0, "percent_covered_display": "0.00", "missing_lines": 1, "excluded_lines": 0}, "missing_lines": [451], "excluded_lines": []}, "reload_settings": {"executed_lines": [], "summary": {"covered_lines": 0, "num_statements": 1, "percent_covered": 0.0, "percent_covered_display": "0.00", "missing_lines": 1, "excluded_lines": 0}, "missing_lines": [456], "excluded_lines": []}, "update_setting": {"executed_lines": [], "summary": {"covered_lines": 0, "num_statements": 1, "percent_covered": 0.0, "percent_covered_display": "0.00", "missing_lines": 1, "excluded_lines": 0}, "missing_lines": [461], "excluded_lines": []}, "get_setting": {"executed_lines": [], "summary": {"covered_lines": 0, "num_statements": 1, "percent_covered": 0.0, "percent_covered_display": "0.00", "missing_lines": 1, "excluded_lines": 0}, "missing_lines": [466], "excluded_lines": []}, "validate_settings": {"executed_lines": [], "summary": {"covered_lines": 0, "num_statements": 1, "percent_covered": 0.0, "percent_covered_display": "0.00", "missing_lines": 1, "excluded_lines": 0}, "missing_lines": [471], "excluded_lines": []}, "get_api_config": {"executed_lines": [], "summary": {"covered_lines": 0, "num_statements": 1, "percent_covered": 0.0, "percent_covered_display": "0.00", "missing_lines": 1, "excluded_lines": 0}, "missing_lines": [476], "excluded_lines": []}, "get_cache_config": {"executed_lines": [], "summary": {"covered_lines": 0, "num_statements": 1, "percent_covered": 0.0, "percent_covered_display": "0.00", "missing_lines": 1, "excluded_lines": 0}, "missing_lines": [481], "excluded_lines": []}, "get_logging_config": {"executed_lines": [], "summary": {"covered_lines": 0, "num_statements": 1, "percent_covered": 0.0, "percent_covered_display": "0.00", "missing_lines": 1, "excluded_lines": 0}, "missing_lines": [486], "excluded_lines": []}, "get_database_config": {"executed_lines": [], "summary": {"covered_lines": 0, "num_statements": 1, "percent_covered": 0.0, "percent_covered_display": "0.00", "missing_lines": 1, "excluded_lines": 0}, "missing_lines": [491], "excluded_lines": []}, "get_security_config": {"executed_lines": [], "summary": {"covered_lines": 0, "num_statements": 1, "percent_covered": 0.0, "percent_covered_display": "0.00", "missing_lines": 1, "excluded_lines": 0}, "missing_lines": [496], "excluded_lines": []}, "get_performance_config": {"executed_lines": [], "summary": {"covered_lines": 0, "num_statements": 1, "percent_covered": 0.0, "percent_covered_display": "0.00", "missing_lines": 1, "excluded_lines": 0}, "missing_lines": [501], "excluded_lines": []}, "is_development": {"executed_lines": [], "summary": {"covered_lines": 0, "num_statements": 1, "percent_covered": 0.0, "percent_covered_display": "0.00", "missing_lines": 1, "excluded_lines": 0}, "missing_lines": [507], "excluded_lines": []}, "is_testing": {"executed_lines": [], "summary": {"covered_lines": 0, "num_statements": 1, "percent_covered": 0.0, "percent_covered_display": "0.00", "missing_lines": 1, "excluded_lines": 0}, "missing_lines": [512], "excluded_lines": []}, "is_production": {"executed_lines": [], "summary": {"covered_lines": 0, "num_statements": 1, "percent_covered": 0.0, "percent_covered_display": "0.00", "missing_lines": 1, "excluded_lines": 0}, "missing_lines": [517], "excluded_lines": []}, "get_current_environment": {"executed_lines": [], "summary": {"covered_lines": 0, "num_statements": 1, "percent_covered": 0.0, "percent_covered_display": "0.00", "missing_lines": 1, "excluded_lines": 0}, "missing_lines": [522], "excluded_lines": []}, "": {"executed_lines": [], "summary": {"covered_lines": 0, "num_statements": 140, "percent_covered": 0.0, "percent_covered_display": "0.00", "missing_lines": 140, "excluded_lines": 0}, "missing_lines": [16, 17, 18, 19, 20, 21, 23, 45, 48, 50, 51, 52, 55, 56, 60, 61, 64, 65, 66, 67, 68, 69, 72, 73, 74, 75, 78, 79, 80, 81, 84, 85, 86, 89, 90, 91, 94, 95, 96, 99, 100, 101, 103, 110, 111, 115, 118, 119, 120, 121, 124, 125, 126, 127, 130, 131, 134, 136, 143, 144, 148, 151, 154, 155, 156, 159, 160, 162, 169, 170, 174, 175, 178, 181, 182, 184, 189, 190, 194, 195, 198, 199, 200, 203, 204, 207, 208, 212, 213, 216, 217, 220, 221, 224, 225, 228, 231, 232, 233, 234, 235, 236, 239, 240, 243, 244, 245, 247, 248, 263, 264, 280, 281, 301, 304, 305, 307, 313, 318, 341, 345, 350, 374, 397, 446, 449, 454, 459, 464, 469, 474, 479, 484, 489, 494, 499, 505, 510, 515, 520], "excluded_lines": []}}, "classes": {"Environment": {"executed_lines": [], "summary": {"covered_lines": 0, "num_statements": 0, "percent_covered": 100.0, "percent_covered_display": "100.00", "missing_lines": 0, "excluded_lines": 0}, "missing_lines": [], "excluded_lines": []}, "ApiConfig": {"executed_lines": [], "summary": {"covered_lines": 0, "num_statements": 3, "percent_covered": 0.0, "percent_covered_display": "0.00", "missing_lines": 3, "excluded_lines": 0}, "missing_lines": [105, 106, 107], "excluded_lines": []}, "CacheConfig": {"executed_lines": [], "summary": {"covered_lines": 0, "num_statements": 3, "percent_covered": 0.0, "percent_covered_display": "0.00", "missing_lines": 3, "excluded_lines": 0}, "missing_lines": [138, 139, 140], "excluded_lines": []}, "LoggingConfig": {"executed_lines": [], "summary": {"covered_lines": 0, "num_statements": 3, "percent_covered": 0.0, "percent_covered_display": "0.00", "missing_lines": 3, "excluded_lines": 0}, "missing_lines": [164, 165, 166], "excluded_lines": []}, "DatabaseConfig": {"executed_lines": [], "summary": {"covered_lines": 0, "num_statements": 1, "percent_covered": 0.0, "percent_covered_display": "0.00", "missing_lines": 1, "excluded_lines": 0}, "missing_lines": [186], "excluded_lines": []}, "SecurityConfig": {"executed_lines": [], "summary": {"covered_lines": 0, "num_statements": 0, "percent_covered": 100.0, "percent_covered_display": "100.00", "missing_lines": 0, "excluded_lines": 0}, "missing_lines": [], "excluded_lines": []}, "PerformanceConfig": {"executed_lines": [], "summary": {"covered_lines": 0, "num_statements": 0, "percent_covered": 100.0, "percent_covered_display": "100.00", "missing_lines": 0, "excluded_lines": 0}, "missing_lines": [], "excluded_lines": []}, "EnvironmentSettings": {"executed_lines": [], "summary": {"covered_lines": 0, "num_statements": 32, "percent_covered": 0.0, "percent_covered_display": "0.00", "missing_lines": 32, "excluded_lines": 0}, "missing_lines": [250, 253, 254, 255, 256, 257, 258, 259, 261, 266, 269, 270, 271, 272, 273, 274, 275, 276, 278, 283, 286, 287, 288, 289, 290, 291, 292, 293, 294, 295, 296, 298], "excluded_lines": []}, "SettingsManager": {"executed_lines": [], "summary": {"covered_lines": 0, "num_statements": 64, "percent_covered": 0.0, "percent_covered_display": "0.00", "missing_lines": 64, "excluded_lines": 0}, "missing_lines": [309, 310, 311, 315, 316, 320, 322, 323, 324, 325, 326, 327, 328, 330, 331, 333, 334, 336, 337, 338, 339, 343, 347, 348, 358, 359, 360, 363, 364, 367, 368, 370, 371, 372, 384, 385, 386, 388, 389, 391, 393, 394, 395, 404, 406, 407, 410, 411, 413, 414, 417, 418, 420, 421, 424, 430, 431, 434, 435, 436, 437, 439, 440, 442], "excluded_lines": []}, "": {"executed_lines": [], "summary": {"covered_lines": 0, "num_statements": 155, "percent_covered": 0.0, "percent_covered_display": "0.00", "missing_lines": 155, "excluded_lines": 0}, "missing_lines": [16, 17, 18, 19, 20, 21, 23, 45, 48, 50, 51, 52, 55, 56, 60, 61, 64, 65, 66, 67, 68, 69, 72, 73, 74, 75, 78, 79, 80, 81, 84, 85, 86, 89, 90, 91, 94, 95, 96, 99, 100, 101, 103, 110, 111, 115, 118, 119, 120, 121, 124, 125, 126, 127, 130, 131, 134, 136, 143, 144, 148, 151, 154, 155, 156, 159, 160, 162, 169, 170, 174, 175, 178, 181, 182, 184, 189, 190, 194, 195, 198, 199, 200, 203, 204, 207, 208, 212, 213, 216, 217, 220, 221, 224, 225, 228, 231, 232, 233, 234, 235, 236, 239, 240, 243, 244, 245, 247, 248, 263, 264, 280, 281, 301, 304, 305, 307, 313, 318, 341, 345, 350, 374, 397, 446, 449, 451, 454, 456, 459, 461, 464, 466, 469, 471, 474, 476, 479, 481, 484, 486, 489, 491, 494, 496, 499, 501, 505, 507, 510, 512, 515, 517, 520, 522], "excluded_lines": []}}}, "core\\__init__.py": {"executed_lines": [], "summary": {"covered_lines": 0, "num_statements": 0, "percent_covered": 100.0, "percent_covered_display": "100.00", "missing_lines": 0, "excluded_lines": 0}, "missing_lines": [], "excluded_lines": [], "functions": {"": {"executed_lines": [], "summary": {"covered_lines": 0, "num_statements": 0, "percent_covered": 100.0, "percent_covered_display": "100.00", "missing_lines": 0, "excluded_lines": 0}, "missing_lines": [], "excluded_lines": []}}, "classes": {"": {"executed_lines": [], "summary": {"covered_lines": 0, "num_statements": 0, "percent_covered": 100.0, "percent_covered_display": "100.00", "missing_lines": 0, "excluded_lines": 0}, "missing_lines": [], "excluded_lines": []}}}, "core\\analysis\\__init__.py": {"executed_lines": [], "summary": {"covered_lines": 0, "num_statements": 0, "percent_covered": 100.0, "percent_covered_display": "100.00", "missing_lines": 0, "excluded_lines": 0}, "missing_lines": [], "excluded_lines": [], "functions": {"": {"executed_lines": [], "summary": {"covered_lines": 0, "num_statements": 0, "percent_covered": 100.0, "percent_covered_display": "100.00", "missing_lines": 0, "excluded_lines": 0}, "missing_lines": [], "excluded_lines": []}}, "classes": {"": {"executed_lines": [], "summary": {"covered_lines": 0, "num_statements": 0, "percent_covered": 100.0, "percent_covered_display": "100.00", "missing_lines": 0, "excluded_lines": 0}, "missing_lines": [], "excluded_lines": []}}}, "core\\analysis\\dcf\\__init__.py": {"executed_lines": [], "summary": {"covered_lines": 0, "num_statements": 0, "percent_covered": 100.0, "percent_covered_display": "100.00", "missing_lines": 0, "excluded_lines": 0}, "missing_lines": [], "excluded_lines": [], "functions": {"": {"executed_lines": [], "summary": {"covered_lines": 0, "num_statements": 0, "percent_covered": 100.0, "percent_covered_display": "100.00", "missing_lines": 0, "excluded_lines": 0}, "missing_lines": [], "excluded_lines": []}}, "classes": {"": {"executed_lines": [], "summary": {"covered_lines": 0, "num_statements": 0, "percent_covered": 100.0, "percent_covered_display": "100.00", "missing_lines": 0, "excluded_lines": 0}, "missing_lines": [], "excluded_lines": []}}}, "core\\analysis\\dcf\\dcf_valuation.py": {"executed_lines": [], "summary": {"covered_lines": 0, "num_statements": 248, "percent_covered": 0.0, "percent_covered_display": "0.00", "missing_lines": 248, "excluded_lines": 0}, "missing_lines": [74, 75, 76, 77, 78, 79, 80, 82, 85, 90, 97, 99, 100, 110, 194, 195, 197, 199, 200, 203, 204, 205, 206, 207, 208, 209, 210, 212, 213, 214, 217, 220, 223, 226, 229, 234, 235, 236, 239, 242, 245, 247, 252, 253, 254, 257, 258, 259, 262, 265, 268, 269, 270, 271, 272, 273, 276, 277, 280, 285, 286, 289, 290, 294, 298, 299, 304, 307, 308, 309, 314, 317, 318, 319, 321, 322, 323, 328, 331, 339, 340, 341, 349, 350, 352, 355, 358, 363, 365, 366, 367, 372, 377, 378, 379, 384, 387, 389, 390, 391, 396, 401, 402, 405, 406, 409, 430, 431, 439, 441, 442, 443, 445, 446, 456, 458, 460, 462, 463, 464, 465, 467, 469, 472, 473, 474, 475, 477, 479, 482, 483, 484, 488, 490, 491, 492, 494, 496, 513, 514, 517, 520, 521, 522, 523, 526, 529, 531, 532, 535, 536, 538, 539, 541, 543, 544, 545, 547, 549, 562, 563, 564, 567, 570, 571, 572, 573, 576, 577, 580, 581, 582, 583, 585, 587, 588, 589, 591, 604, 606, 607, 608, 610, 612, 620, 629, 631, 636, 638, 639, 642, 659, 660, 662, 664, 671, 673, 675, 676, 677, 680, 681, 684, 701, 711, 712, 714, 715, 716, 719, 720, 721, 724, 727, 728, 729, 732, 735, 737, 741, 743, 744, 745, 747, 821, 822, 825, 826, 828, 836, 837, 838, 840, 842, 843, 844, 847, 848, 849, 852, 853, 854, 856, 858, 859, 861, 863, 908], "excluded_lines": [], "functions": {"DCFValuator.__init__": {"executed_lines": [], "summary": {"covered_lines": 0, "num_statements": 3, "percent_covered": 0.0, "percent_covered_display": "0.00", "missing_lines": 3, "excluded_lines": 0}, "missing_lines": [97, 99, 100], "excluded_lines": []}, "DCFValuator.calculate_dcf_projections": {"executed_lines": [], "summary": {"covered_lines": 0, "num_statements": 98, "percent_covered": 0.0, "percent_covered_display": "0.00", "missing_lines": 98, "excluded_lines": 0}, "missing_lines": [194, 195, 197, 199, 200, 203, 204, 205, 206, 207, 208, 209, 210, 212, 213, 214, 217, 220, 223, 226, 229, 234, 235, 236, 239, 242, 245, 247, 252, 253, 254, 257, 258, 259, 262, 265, 268, 269, 270, 271, 272, 273, 276, 277, 280, 285, 286, 289, 290, 294, 298, 299, 304, 307, 308, 309, 314, 317, 318, 319, 321, 322, 323, 328, 331, 339, 340, 341, 349, 350, 352, 355, 358, 363, 365, 366, 367, 372, 377, 378, 379, 384, 387, 389, 390, 391, 396, 401, 402, 405, 406, 409, 430, 431, 439, 441, 442, 443], "excluded_lines": []}, "DCFValuator._calculate_historical_growth_rates": {"executed_lines": [], "summary": {"covered_lines": 0, "num_statements": 23, "percent_covered": 0.0, "percent_covered_display": "0.00", "missing_lines": 23, "excluded_lines": 0}, "missing_lines": [456, 458, 460, 462, 463, 464, 465, 467, 469, 472, 473, 474, 475, 477, 479, 482, 483, 484, 488, 490, 491, 492, 494], "excluded_lines": []}, "DCFValuator._project_future_fcf": {"executed_lines": [], "summary": {"covered_lines": 0, "num_statements": 20, "percent_covered": 0.0, "percent_covered_display": "0.00", "missing_lines": 20, "excluded_lines": 0}, "missing_lines": [513, 514, 517, 520, 521, 522, 523, 526, 529, 531, 532, 535, 536, 538, 539, 541, 543, 544, 545, 547], "excluded_lines": []}, "DCFValuator._calculate_terminal_value": {"executed_lines": [], "summary": {"covered_lines": 0, "num_statements": 18, "percent_covered": 0.0, "percent_covered_display": "0.00", "missing_lines": 18, "excluded_lines": 0}, "missing_lines": [562, 563, 564, 567, 570, 571, 572, 573, 576, 577, 580, 581, 582, 583, 585, 587, 588, 589], "excluded_lines": []}, "DCFValuator._calculate_present_values": {"executed_lines": [], "summary": {"covered_lines": 0, "num_statements": 5, "percent_covered": 0.0, "percent_covered_display": "0.00", "missing_lines": 5, "excluded_lines": 0}, "missing_lines": [604, 606, 607, 608, 610], "excluded_lines": []}, "DCFValuator._get_market_data": {"executed_lines": [], "summary": {"covered_lines": 0, "num_statements": 10, "percent_covered": 0.0, "percent_covered_display": "0.00", "missing_lines": 10, "excluded_lines": 0}, "missing_lines": [620, 629, 631, 636, 638, 639, 642, 659, 660, 662], "excluded_lines": []}, "DCFValuator._get_net_debt": {"executed_lines": [], "summary": {"covered_lines": 0, "num_statements": 28, "percent_covered": 0.0, "percent_covered_display": "0.00", "missing_lines": 28, "excluded_lines": 0}, "missing_lines": [671, 673, 675, 676, 677, 680, 681, 684, 701, 711, 712, 714, 715, 716, 719, 720, 721, 724, 727, 728, 729, 732, 735, 737, 741, 743, 744, 745], "excluded_lines": []}, "DCFValuator.sensitivity_analysis": {"executed_lines": [], "summary": {"covered_lines": 0, "num_statements": 22, "percent_covered": 0.0, "percent_covered_display": "0.00", "missing_lines": 22, "excluded_lines": 0}, "missing_lines": [821, 822, 825, 826, 828, 836, 837, 838, 840, 842, 843, 844, 847, 848, 849, 852, 853, 854, 856, 858, 859, 861], "excluded_lines": []}, "DCFValuator.calculate_dcf_valuation": {"executed_lines": [], "summary": {"covered_lines": 0, "num_statements": 1, "percent_covered": 0.0, "percent_covered_display": "0.00", "missing_lines": 1, "excluded_lines": 0}, "missing_lines": [908], "excluded_lines": []}, "": {"executed_lines": [], "summary": {"covered_lines": 0, "num_statements": 20, "percent_covered": 0.0, "percent_covered_display": "0.00", "missing_lines": 20, "excluded_lines": 0}, "missing_lines": [74, 75, 76, 77, 78, 79, 80, 82, 85, 90, 110, 445, 446, 496, 549, 591, 612, 664, 747, 863], "excluded_lines": []}}, "classes": {"DCFValuator": {"executed_lines": [], "summary": {"covered_lines": 0, "num_statements": 228, "percent_covered": 0.0, "percent_covered_display": "0.00", "missing_lines": 228, "excluded_lines": 0}, "missing_lines": [97, 99, 100, 194, 195, 197, 199, 200, 203, 204, 205, 206, 207, 208, 209, 210, 212, 213, 214, 217, 220, 223, 226, 229, 234, 235, 236, 239, 242, 245, 247, 252, 253, 254, 257, 258, 259, 262, 265, 268, 269, 270, 271, 272, 273, 276, 277, 280, 285, 286, 289, 290, 294, 298, 299, 304, 307, 308, 309, 314, 317, 318, 319, 321, 322, 323, 328, 331, 339, 340, 341, 349, 350, 352, 355, 358, 363, 365, 366, 367, 372, 377, 378, 379, 384, 387, 389, 390, 391, 396, 401, 402, 405, 406, 409, 430, 431, 439, 441, 442, 443, 456, 458, 460, 462, 463, 464, 465, 467, 469, 472, 473, 474, 475, 477, 479, 482, 483, 484, 488, 490, 491, 492, 494, 513, 514, 517, 520, 521, 522, 523, 526, 529, 531, 532, 535, 536, 538, 539, 541, 543, 544, 545, 547, 562, 563, 564, 567, 570, 571, 572, 573, 576, 577, 580, 581, 582, 583, 585, 587, 588, 589, 604, 606, 607, 608, 610, 620, 629, 631, 636, 638, 639, 642, 659, 660, 662, 671, 673, 675, 676, 677, 680, 681, 684, 701, 711, 712, 714, 715, 716, 719, 720, 721, 724, 727, 728, 729, 732, 735, 737, 741, 743, 744, 745, 821, 822, 825, 826, 828, 836, 837, 838, 840, 842, 843, 844, 847, 848, 849, 852, 853, 854, 856, 858, 859, 861, 908], "excluded_lines": []}, "": {"executed_lines": [], "summary": {"covered_lines": 0, "num_statements": 20, "percent_covered": 0.0, "percent_covered_display": "0.00", "missing_lines": 20, "excluded_lines": 0}, "missing_lines": [74, 75, 76, 77, 78, 79, 80, 82, 85, 90, 110, 445, 446, 496, 549, 591, 612, 664, 747, 863], "excluded_lines": []}}}, "core\\analysis\\dcf\\debug_dcf_calculation.py": {"executed_lines": [], "summary": {"covered_lines": 0, "num_statements": 49, "percent_covered": 0.0, "percent_covered_display": "0.00", "missing_lines": 49, "excluded_lines": 2}, "missing_lines": [5, 6, 9, 12, 16, 19, 33, 36, 37, 39, 40, 41, 42, 45, 46, 47, 48, 49, 52, 53, 54, 55, 56, 58, 59, 62, 66, 67, 68, 70, 71, 72, 73, 74, 75, 76, 78, 79, 80, 81, 82, 85, 87, 88, 91, 93, 94, 95, 97], "excluded_lines": [100, 101], "functions": {"test_dcf_present_value_summation": {"executed_lines": [], "summary": {"covered_lines": 0, "num_statements": 21, "percent_covered": 0.0, "percent_covered_display": "0.00", "missing_lines": 21, "excluded_lines": 0}, "missing_lines": [16, 19, 33, 36, 37, 39, 40, 41, 42, 45, 46, 47, 48, 49, 52, 53, 54, 55, 56, 58, 59], "excluded_lines": []}, "investigate_potential_causes": {"executed_lines": [], "summary": {"covered_lines": 0, "num_statements": 15, "percent_covered": 0.0, "percent_covered_display": "0.00", "missing_lines": 15, "excluded_lines": 0}, "missing_lines": [66, 67, 68, 70, 71, 72, 73, 74, 75, 76, 78, 79, 80, 81, 82], "excluded_lines": []}, "main": {"executed_lines": [], "summary": {"covered_lines": 0, "num_statements": 7, "percent_covered": 0.0, "percent_covered_display": "0.00", "missing_lines": 7, "excluded_lines": 0}, "missing_lines": [87, 88, 91, 93, 94, 95, 97], "excluded_lines": []}, "": {"executed_lines": [], "summary": {"covered_lines": 0, "num_statements": 6, "percent_covered": 0.0, "percent_covered_display": "0.00", "missing_lines": 6, "excluded_lines": 2}, "missing_lines": [5, 6, 9, 12, 62, 85], "excluded_lines": [100, 101]}}, "classes": {"": {"executed_lines": [], "summary": {"covered_lines": 0, "num_statements": 49, "percent_covered": 0.0, "percent_covered_display": "0.00", "missing_lines": 49, "excluded_lines": 2}, "missing_lines": [5, 6, 9, 12, 16, 19, 33, 36, 37, 39, 40, 41, 42, 45, 46, 47, 48, 49, 52, 53, 54, 55, 56, 58, 59, 62, 66, 67, 68, 70, 71, 72, 73, 74, 75, 76, 78, 79, 80, 81, 82, 85, 87, 88, 91, 93, 94, 95, 97], "excluded_lines": [100, 101]}}}, "core\\analysis\\dcf\\debug_dcf_values.py": {"executed_lines": [], "summary": {"covered_lines": 0, "num_statements": 50, "percent_covered": 0.0, "percent_covered_display": "0.00", "missing_lines": 50, "excluded_lines": 2}, "missing_lines": [6, 7, 10, 14, 17, 18, 19, 21, 22, 24, 25, 27, 28, 29, 30, 31, 32, 33, 34, 35, 36, 37, 38, 39, 40, 41, 42, 44, 45, 46, 49, 51, 53, 56, 57, 60, 61, 62, 63, 64, 65, 70, 71, 74, 75, 78, 81, 82, 85, 87], "excluded_lines": [90, 91], "functions": {"get_financial_scale_and_unit": {"executed_lines": [], "summary": {"covered_lines": 0, "num_statements": 27, "percent_covered": 0.0, "percent_covered_display": "0.00", "missing_lines": 27, "excluded_lines": 0}, "missing_lines": [14, 17, 18, 19, 21, 22, 24, 25, 27, 28, 29, 30, 31, 32, 33, 34, 35, 36, 37, 38, 39, 40, 41, 42, 44, 45, 46], "excluded_lines": []}, "analyze_csv_values": {"executed_lines": [], "summary": {"covered_lines": 0, "num_statements": 19, "percent_covered": 0.0, "percent_covered_display": "0.00", "missing_lines": 19, "excluded_lines": 0}, "missing_lines": [51, 53, 56, 57, 60, 61, 62, 63, 64, 65, 70, 71, 74, 75, 78, 81, 82, 85, 87], "excluded_lines": []}, "": {"executed_lines": [], "summary": {"covered_lines": 0, "num_statements": 4, "percent_covered": 0.0, "percent_covered_display": "0.00", "missing_lines": 4, "excluded_lines": 2}, "missing_lines": [6, 7, 10, 49], "excluded_lines": [90, 91]}}, "classes": {"": {"executed_lines": [], "summary": {"covered_lines": 0, "num_statements": 50, "percent_covered": 0.0, "percent_covered_display": "0.00", "missing_lines": 50, "excluded_lines": 2}, "missing_lines": [6, 7, 10, 14, 17, 18, 19, 21, 22, 24, 25, 27, 28, 29, 30, 31, 32, 33, 34, 35, 36, 37, 38, 39, 40, 41, 42, 44, 45, 46, 49, 51, 53, 56, 57, 60, 61, 62, 63, 64, 65, 70, 71, 74, 75, 78, 81, 82, 85, 87], "excluded_lines": [90, 91]}}}, "core\\analysis\\ddm\\__init__.py": {"executed_lines": [], "summary": {"covered_lines": 0, "num_statements": 0, "percent_covered": 100.0, "percent_covered_display": "100.00", "missing_lines": 0, "excluded_lines": 0}, "missing_lines": [], "excluded_lines": [], "functions": {"": {"executed_lines": [], "summary": {"covered_lines": 0, "num_statements": 0, "percent_covered": 100.0, "percent_covered_display": "100.00", "missing_lines": 0, "excluded_lines": 0}, "missing_lines": [], "excluded_lines": []}}, "classes": {"": {"executed_lines": [], "summary": {"covered_lines": 0, "num_statements": 0, "percent_covered": 100.0, "percent_covered_display": "100.00", "missing_lines": 0, "excluded_lines": 0}, "missing_lines": [], "excluded_lines": []}}}, "core\\analysis\\ddm\\ddm_valuation.py": {"executed_lines": [], "summary": {"covered_lines": 0, "num_statements": 512, "percent_covered": 0.0, "percent_covered_display": "0.00", "missing_lines": 512, "excluded_lines": 0}, "missing_lines": [129, 130, 131, 132, 133, 134, 135, 136, 138, 141, 146, 153, 156, 157, 158, 161, 162, 175, 176, 178, 268, 269, 271, 273, 274, 275, 283, 284, 287, 288, 291, 292, 293, 294, 295, 296, 298, 305, 317, 319, 320, 321, 327, 334, 335, 336, 337, 342, 343, 346, 347, 348, 351, 352, 353, 354, 357, 358, 361, 362, 363, 364, 365, 368, 369, 370, 371, 372, 374, 375, 381, 382, 385, 386, 387, 389, 396, 397, 398, 400, 410, 412, 415, 417, 418, 419, 422, 423, 428, 436, 439, 441, 442, 443, 445, 455, 456, 457, 460, 463, 468, 470, 471, 472, 475, 479, 480, 483, 485, 488, 490, 491, 494, 496, 507, 508, 509, 512, 515, 517, 518, 519, 521, 522, 523, 525, 526, 528, 530, 533, 534, 535, 536, 537, 541, 543, 544, 546, 548, 549, 550, 552, 563, 565, 566, 568, 569, 570, 571, 572, 575, 576, 577, 579, 580, 581, 582, 585, 591, 592, 593, 594, 601, 602, 605, 606, 607, 613, 615, 616, 618, 620, 631, 633, 634, 643, 644, 645, 646, 648, 649, 650, 652, 653, 654, 655, 657, 659, 662, 663, 664, 672, 673, 675, 677, 687, 689, 691, 699, 700, 701, 702, 703, 705, 706, 713, 715, 716, 718, 720, 727, 729, 731, 732, 734, 742, 744, 745, 746, 749, 750, 751, 752, 753, 754, 757, 759, 761, 764, 765, 768, 777, 778, 779, 780, 782, 784, 785, 786, 788, 798, 799, 800, 803, 806, 809, 810, 813, 815, 833, 835, 836, 837, 839, 849, 850, 851, 853, 854, 857, 860, 861, 862, 863, 865, 866, 867, 870, 871, 872, 873, 884, 886, 887, 888, 893, 894, 895, 896, 903, 904, 905, 907, 909, 910, 911, 913, 920, 922, 924, 925, 928, 929, 932, 941, 942, 943, 944, 945, 946, 947, 948, 953, 954, 955, 956, 957, 958, 960, 961, 962, 963, 964, 966, 968, 969, 970, 972, 983, 984, 985, 987, 988, 990, 991, 996, 997, 998, 1001, 1002, 1003, 1009, 1010, 1011, 1012, 1017, 1019, 1020, 1021, 1023, 1033, 1034, 1036, 1037, 1040, 1043, 1044, 1047, 1048, 1051, 1053, 1054, 1056, 1057, 1059, 1060, 1062, 1065, 1067, 1068, 1069, 1071, 1081, 1083, 1086, 1089, 1092, 1094, 1095, 1100, 1103, 1106, 1107, 1110, 1111, 1112, 1114, 1127, 1131, 1133, 1134, 1135, 1137, 1147, 1149, 1150, 1151, 1152, 1153, 1156, 1157, 1158, 1159, 1162, 1163, 1164, 1166, 1167, 1168, 1171, 1172, 1175, 1176, 1179, 1182, 1185, 1186, 1187, 1191, 1209, 1213, 1215, 1216, 1217, 1219, 1229, 1231, 1232, 1233, 1234, 1235, 1236, 1237, 1240, 1241, 1242, 1245, 1248, 1249, 1250, 1252, 1253, 1254, 1255, 1256, 1259, 1260, 1262, 1263, 1264, 1265, 1266, 1269, 1270, 1273, 1274, 1277, 1280, 1281, 1282, 1286, 1308, 1312, 1314, 1315, 1316, 1318, 1328, 1330, 1333, 1341, 1342, 1344, 1347, 1348, 1349, 1350, 1351, 1352, 1354, 1358, 1360, 1361, 1362, 1364, 1371, 1373, 1374, 1375, 1376, 1377, 1380, 1389, 1390, 1392, 1393, 1394, 1396, 1408, 1409, 1412, 1413, 1415, 1424, 1425, 1426, 1428, 1430, 1431, 1434, 1435, 1437, 1440, 1441, 1442, 1445, 1446, 1447, 1449, 1451, 1452, 1454], "excluded_lines": [], "functions": {"DDMValuator.__init__": {"executed_lines": [], "summary": {"covered_lines": 0, "num_statements": 8, "percent_covered": 0.0, "percent_covered_display": "0.00", "missing_lines": 8, "excluded_lines": 0}, "missing_lines": [153, 156, 157, 158, 161, 162, 175, 176], "excluded_lines": []}, "DDMValuator.calculate_ddm_valuation": {"executed_lines": [], "summary": {"covered_lines": 0, "num_statements": 22, "percent_covered": 0.0, "percent_covered_display": "0.00", "missing_lines": 22, "excluded_lines": 0}, "missing_lines": [268, 269, 271, 273, 274, 275, 283, 284, 287, 288, 291, 292, 293, 294, 295, 296, 298, 305, 317, 319, 320, 321], "excluded_lines": []}, "DDMValuator._extract_dividend_data": {"executed_lines": [], "summary": {"covered_lines": 0, "num_statements": 36, "percent_covered": 0.0, "percent_covered_display": "0.00", "missing_lines": 36, "excluded_lines": 0}, "missing_lines": [334, 335, 336, 337, 342, 343, 346, 347, 348, 351, 352, 353, 354, 357, 358, 361, 362, 363, 364, 365, 368, 369, 370, 371, 372, 374, 375, 381, 382, 385, 386, 387, 389, 396, 397, 398], "excluded_lines": []}, "DDMValuator._fetch_dividend_data_yfinance": {"executed_lines": [], "summary": {"covered_lines": 0, "num_statements": 14, "percent_covered": 0.0, "percent_covered_display": "0.00", "missing_lines": 14, "excluded_lines": 0}, "missing_lines": [410, 412, 415, 417, 418, 419, 422, 423, 428, 436, 439, 441, 442, 443], "excluded_lines": []}, "DDMValuator._fetch_dividend_data_enhanced": {"executed_lines": [], "summary": {"covered_lines": 0, "num_statements": 18, "percent_covered": 0.0, "percent_covered_display": "0.00", "missing_lines": 18, "excluded_lines": 0}, "missing_lines": [455, 456, 457, 460, 463, 468, 470, 471, 472, 475, 479, 480, 483, 485, 488, 490, 491, 494], "excluded_lines": []}, "DDMValuator._extract_dividends_from_api_response": {"executed_lines": [], "summary": {"covered_lines": 0, "num_statements": 27, "percent_covered": 0.0, "percent_covered_display": "0.00", "missing_lines": 27, "excluded_lines": 0}, "missing_lines": [507, 508, 509, 512, 515, 517, 518, 519, 521, 522, 523, 525, 526, 528, 530, 533, 534, 535, 536, 537, 541, 543, 544, 546, 548, 549, 550], "excluded_lines": []}, "DDMValuator._parse_dividend_records": {"executed_lines": [], "summary": {"covered_lines": 0, "num_statements": 29, "percent_covered": 0.0, "percent_covered_display": "0.00", "missing_lines": 29, "excluded_lines": 0}, "missing_lines": [563, 565, 566, 568, 569, 570, 571, 572, 575, 576, 577, 579, 580, 581, 582, 585, 591, 592, 593, 594, 601, 602, 605, 606, 607, 613, 615, 616, 618], "excluded_lines": []}, "DDMValuator._extract_dividends_from_cash_flow": {"executed_lines": [], "summary": {"covered_lines": 0, "num_statements": 22, "percent_covered": 0.0, "percent_covered_display": "0.00", "missing_lines": 22, "excluded_lines": 0}, "missing_lines": [631, 633, 634, 643, 644, 645, 646, 648, 649, 650, 652, 653, 654, 655, 657, 659, 662, 663, 664, 672, 673, 675], "excluded_lines": []}, "DDMValuator._extract_dividends_from_fundamentals": {"executed_lines": [], "summary": {"covered_lines": 0, "num_statements": 14, "percent_covered": 0.0, "percent_covered_display": "0.00", "missing_lines": 14, "excluded_lines": 0}, "missing_lines": [687, 689, 691, 699, 700, 701, 702, 703, 705, 706, 713, 715, 716, 718], "excluded_lines": []}, "DDMValuator._extract_dividend_from_statements": {"executed_lines": [], "summary": {"covered_lines": 0, "num_statements": 29, "percent_covered": 0.0, "percent_covered_display": "0.00", "missing_lines": 29, "excluded_lines": 0}, "missing_lines": [727, 729, 731, 732, 734, 742, 744, 745, 746, 749, 750, 751, 752, 753, 754, 757, 759, 761, 764, 765, 768, 777, 778, 779, 780, 782, 784, 785, 786], "excluded_lines": []}, "DDMValuator._process_dividend_data": {"executed_lines": [], "summary": {"covered_lines": 0, "num_statements": 13, "percent_covered": 0.0, "percent_covered_display": "0.00", "missing_lines": 13, "excluded_lines": 0}, "missing_lines": [798, 799, 800, 803, 806, 809, 810, 813, 815, 833, 835, 836, 837], "excluded_lines": []}, "DDMValuator._calculate_dividend_metrics": {"executed_lines": [], "summary": {"covered_lines": 0, "num_statements": 32, "percent_covered": 0.0, "percent_covered_display": "0.00", "missing_lines": 32, "excluded_lines": 0}, "missing_lines": [849, 850, 851, 853, 854, 857, 860, 861, 862, 863, 865, 866, 867, 870, 871, 872, 873, 884, 886, 887, 888, 893, 894, 895, 896, 903, 904, 905, 907, 909, 910, 911], "excluded_lines": []}, "DDMValuator._estimate_payout_ratio": {"executed_lines": [], "summary": {"covered_lines": 0, "num_statements": 30, "percent_covered": 0.0, "percent_covered_display": "0.00", "missing_lines": 30, "excluded_lines": 0}, "missing_lines": [920, 922, 924, 925, 928, 929, 932, 941, 942, 943, 944, 945, 946, 947, 948, 953, 954, 955, 956, 957, 958, 960, 961, 962, 963, 964, 966, 968, 969, 970], "excluded_lines": []}, "DDMValuator._validate_dividend_data": {"executed_lines": [], "summary": {"covered_lines": 0, "num_statements": 21, "percent_covered": 0.0, "percent_covered_display": "0.00", "missing_lines": 21, "excluded_lines": 0}, "missing_lines": [983, 984, 985, 987, 988, 990, 991, 996, 997, 998, 1001, 1002, 1003, 1009, 1010, 1011, 1012, 1017, 1019, 1020, 1021], "excluded_lines": []}, "DDMValuator._select_model_type": {"executed_lines": [], "summary": {"covered_lines": 0, "num_statements": 21, "percent_covered": 0.0, "percent_covered_display": "0.00", "missing_lines": 21, "excluded_lines": 0}, "missing_lines": [1033, 1034, 1036, 1037, 1040, 1043, 1044, 1047, 1048, 1051, 1053, 1054, 1056, 1057, 1059, 1060, 1062, 1065, 1067, 1068, 1069], "excluded_lines": []}, "DDMValuator._calculate_gordon_growth_model": {"executed_lines": [], "summary": {"covered_lines": 0, "num_statements": 20, "percent_covered": 0.0, "percent_covered_display": "0.00", "missing_lines": 20, "excluded_lines": 0}, "missing_lines": [1081, 1083, 1086, 1089, 1092, 1094, 1095, 1100, 1103, 1106, 1107, 1110, 1111, 1112, 1114, 1127, 1131, 1133, 1134, 1135], "excluded_lines": []}, "DDMValuator._calculate_two_stage_ddm": {"executed_lines": [], "summary": {"covered_lines": 0, "num_statements": 31, "percent_covered": 0.0, "percent_covered_display": "0.00", "missing_lines": 31, "excluded_lines": 0}, "missing_lines": [1147, 1149, 1150, 1151, 1152, 1153, 1156, 1157, 1158, 1159, 1162, 1163, 1164, 1166, 1167, 1168, 1171, 1172, 1175, 1176, 1179, 1182, 1185, 1186, 1187, 1191, 1209, 1213, 1215, 1216, 1217], "excluded_lines": []}, "DDMValuator._calculate_multi_stage_ddm": {"executed_lines": [], "summary": {"covered_lines": 0, "num_statements": 41, "percent_covered": 0.0, "percent_covered_display": "0.00", "missing_lines": 41, "excluded_lines": 0}, "missing_lines": [1229, 1231, 1232, 1233, 1234, 1235, 1236, 1237, 1240, 1241, 1242, 1245, 1248, 1249, 1250, 1252, 1253, 1254, 1255, 1256, 1259, 1260, 1262, 1263, 1264, 1265, 1266, 1269, 1270, 1273, 1274, 1277, 1280, 1281, 1282, 1286, 1308, 1312, 1314, 1315, 1316], "excluded_lines": []}, "DDMValuator._estimate_sustainable_growth_rate": {"executed_lines": [], "summary": {"covered_lines": 0, "num_statements": 17, "percent_covered": 0.0, "percent_covered_display": "0.00", "missing_lines": 17, "excluded_lines": 0}, "missing_lines": [1328, 1330, 1333, 1341, 1342, 1344, 1347, 1348, 1349, 1350, 1351, 1352, 1354, 1358, 1360, 1361, 1362], "excluded_lines": []}, "DDMValuator._get_market_data": {"executed_lines": [], "summary": {"covered_lines": 0, "num_statements": 12, "percent_covered": 0.0, "percent_covered_display": "0.00", "missing_lines": 12, "excluded_lines": 0}, "missing_lines": [1371, 1373, 1374, 1375, 1376, 1377, 1380, 1389, 1390, 1392, 1393, 1394], "excluded_lines": []}, "DDMValuator.sensitivity_analysis": {"executed_lines": [], "summary": {"covered_lines": 0, "num_statements": 24, "percent_covered": 0.0, "percent_covered_display": "0.00", "missing_lines": 24, "excluded_lines": 0}, "missing_lines": [1408, 1409, 1412, 1413, 1415, 1424, 1425, 1426, 1428, 1430, 1431, 1434, 1435, 1437, 1440, 1441, 1442, 1445, 1446, 1447, 1449, 1451, 1452, 1454], "excluded_lines": []}, "": {"executed_lines": [], "summary": {"covered_lines": 0, "num_statements": 31, "percent_covered": 0.0, "percent_covered_display": "0.00", "missing_lines": 31, "excluded_lines": 0}, "missing_lines": [129, 130, 131, 132, 133, 134, 135, 136, 138, 141, 146, 178, 327, 400, 445, 496, 552, 620, 677, 720, 788, 839, 913, 972, 1023, 1071, 1137, 1219, 1318, 1364, 1396], "excluded_lines": []}}, "classes": {"DDMValuator": {"executed_lines": [], "summary": {"covered_lines": 0, "num_statements": 481, "percent_covered": 0.0, "percent_covered_display": "0.00", "missing_lines": 481, "excluded_lines": 0}, "missing_lines": [153, 156, 157, 158, 161, 162, 175, 176, 268, 269, 271, 273, 274, 275, 283, 284, 287, 288, 291, 292, 293, 294, 295, 296, 298, 305, 317, 319, 320, 321, 334, 335, 336, 337, 342, 343, 346, 347, 348, 351, 352, 353, 354, 357, 358, 361, 362, 363, 364, 365, 368, 369, 370, 371, 372, 374, 375, 381, 382, 385, 386, 387, 389, 396, 397, 398, 410, 412, 415, 417, 418, 419, 422, 423, 428, 436, 439, 441, 442, 443, 455, 456, 457, 460, 463, 468, 470, 471, 472, 475, 479, 480, 483, 485, 488, 490, 491, 494, 507, 508, 509, 512, 515, 517, 518, 519, 521, 522, 523, 525, 526, 528, 530, 533, 534, 535, 536, 537, 541, 543, 544, 546, 548, 549, 550, 563, 565, 566, 568, 569, 570, 571, 572, 575, 576, 577, 579, 580, 581, 582, 585, 591, 592, 593, 594, 601, 602, 605, 606, 607, 613, 615, 616, 618, 631, 633, 634, 643, 644, 645, 646, 648, 649, 650, 652, 653, 654, 655, 657, 659, 662, 663, 664, 672, 673, 675, 687, 689, 691, 699, 700, 701, 702, 703, 705, 706, 713, 715, 716, 718, 727, 729, 731, 732, 734, 742, 744, 745, 746, 749, 750, 751, 752, 753, 754, 757, 759, 761, 764, 765, 768, 777, 778, 779, 780, 782, 784, 785, 786, 798, 799, 800, 803, 806, 809, 810, 813, 815, 833, 835, 836, 837, 849, 850, 851, 853, 854, 857, 860, 861, 862, 863, 865, 866, 867, 870, 871, 872, 873, 884, 886, 887, 888, 893, 894, 895, 896, 903, 904, 905, 907, 909, 910, 911, 920, 922, 924, 925, 928, 929, 932, 941, 942, 943, 944, 945, 946, 947, 948, 953, 954, 955, 956, 957, 958, 960, 961, 962, 963, 964, 966, 968, 969, 970, 983, 984, 985, 987, 988, 990, 991, 996, 997, 998, 1001, 1002, 1003, 1009, 1010, 1011, 1012, 1017, 1019, 1020, 1021, 1033, 1034, 1036, 1037, 1040, 1043, 1044, 1047, 1048, 1051, 1053, 1054, 1056, 1057, 1059, 1060, 1062, 1065, 1067, 1068, 1069, 1081, 1083, 1086, 1089, 1092, 1094, 1095, 1100, 1103, 1106, 1107, 1110, 1111, 1112, 1114, 1127, 1131, 1133, 1134, 1135, 1147, 1149, 1150, 1151, 1152, 1153, 1156, 1157, 1158, 1159, 1162, 1163, 1164, 1166, 1167, 1168, 1171, 1172, 1175, 1176, 1179, 1182, 1185, 1186, 1187, 1191, 1209, 1213, 1215, 1216, 1217, 1229, 1231, 1232, 1233, 1234, 1235, 1236, 1237, 1240, 1241, 1242, 1245, 1248, 1249, 1250, 1252, 1253, 1254, 1255, 1256, 1259, 1260, 1262, 1263, 1264, 1265, 1266, 1269, 1270, 1273, 1274, 1277, 1280, 1281, 1282, 1286, 1308, 1312, 1314, 1315, 1316, 1328, 1330, 1333, 1341, 1342, 1344, 1347, 1348, 1349, 1350, 1351, 1352, 1354, 1358, 1360, 1361, 1362, 1371, 1373, 1374, 1375, 1376, 1377, 1380, 1389, 1390, 1392, 1393, 1394, 1408, 1409, 1412, 1413, 1415, 1424, 1425, 1426, 1428, 1430, 1431, 1434, 1435, 1437, 1440, 1441, 1442, 1445, 1446, 1447, 1449, 1451, 1452, 1454], "excluded_lines": []}, "": {"executed_lines": [], "summary": {"covered_lines": 0, "num_statements": 31, "percent_covered": 0.0, "percent_covered_display": "0.00", "missing_lines": 31, "excluded_lines": 0}, "missing_lines": [129, 130, 131, 132, 133, 134, 135, 136, 138, 141, 146, 178, 327, 400, 445, 496, 552, 620, 677, 720, 788, 839, 913, 972, 1023, 1071, 1137, 1219, 1318, 1364, 1396], "excluded_lines": []}}}, "core\\analysis\\engines\\__init__.py": {"executed_lines": [], "summary": {"covered_lines": 0, "num_statements": 0, "percent_covered": 100.0, "percent_covered_display": "100.00", "missing_lines": 0, "excluded_lines": 0}, "missing_lines": [], "excluded_lines": [], "functions": {"": {"executed_lines": [], "summary": {"covered_lines": 0, "num_statements": 0, "percent_covered": 100.0, "percent_covered_display": "100.00", "missing_lines": 0, "excluded_lines": 0}, "missing_lines": [], "excluded_lines": []}}, "classes": {"": {"executed_lines": [], "summary": {"covered_lines": 0, "num_statements": 0, "percent_covered": 100.0, "percent_covered_display": "100.00", "missing_lines": 0, "excluded_lines": 0}, "missing_lines": [], "excluded_lines": []}}}, "core\\analysis\\engines\\calculation_engine_integration_example.py": {"executed_lines": [], "summary": {"covered_lines": 0, "num_statements": 133, "percent_covered": 0.0, "percent_covered_display": "0.00", "missing_lines": 133, "excluded_lines": 2}, "missing_lines": [15, 16, 18, 20, 23, 29, 31, 32, 35, 36, 37, 39, 46, 48, 49, 50, 51, 54, 55, 56, 57, 58, 61, 70, 71, 72, 75, 76, 78, 79, 81, 82, 83, 85, 90, 91, 92, 93, 95, 98, 106, 107, 108, 111, 119, 120, 121, 124, 129, 130, 131, 134, 136, 138, 139, 140, 142, 147, 148, 150, 151, 153, 155, 156, 157, 158, 161, 167, 168, 169, 171, 173, 175, 182, 194, 199, 200, 201, 203, 214, 215, 216, 219, 222, 223, 224, 226, 227, 228, 231, 236, 237, 240, 246, 247, 250, 251, 254, 255, 257, 273, 274, 277, 281, 284, 287, 288, 289, 292, 293, 294, 295, 296, 299, 300, 301, 302, 303, 306, 307, 308, 310, 311, 312, 313, 315, 317, 318, 319, 320, 321, 322, 323], "excluded_lines": [326, 327], "functions": {"ModernizedFinancialCalculator.__init__": {"executed_lines": [], "summary": {"covered_lines": 0, "num_statements": 5, "percent_covered": 0.0, "percent_covered_display": "0.00", "missing_lines": 5, "excluded_lines": 0}, "missing_lines": [31, 32, 35, 36, 37], "excluded_lines": []}, "ModernizedFinancialCalculator.calculate_fcf_to_firm": {"executed_lines": [], "summary": {"covered_lines": 0, "num_statements": 21, "percent_covered": 0.0, "percent_covered_display": "0.00", "missing_lines": 21, "excluded_lines": 0}, "missing_lines": [46, 48, 49, 50, 51, 54, 55, 56, 57, 58, 61, 70, 71, 72, 75, 76, 78, 79, 81, 82, 83], "excluded_lines": []}, "ModernizedFinancialCalculator.calculate_all_fcf_types": {"executed_lines": [], "summary": {"covered_lines": 0, "num_statements": 22, "percent_covered": 0.0, "percent_covered_display": "0.00", "missing_lines": 22, "excluded_lines": 0}, "missing_lines": [90, 91, 92, 93, 95, 98, 106, 107, 108, 111, 119, 120, 121, 124, 129, 130, 131, 134, 136, 138, 139, 140], "excluded_lines": []}, "ModernizedFinancialCalculator.calculate_growth_rates": {"executed_lines": [], "summary": {"covered_lines": 0, "num_statements": 15, "percent_covered": 0.0, "percent_covered_display": "0.00", "missing_lines": 15, "excluded_lines": 0}, "missing_lines": [147, 148, 150, 151, 153, 155, 156, 157, 158, 161, 167, 168, 169, 171, 173], "excluded_lines": []}, "ModernizedFinancialCalculator._get_metrics_from_data_sources": {"executed_lines": [], "summary": {"covered_lines": 0, "num_statements": 1, "percent_covered": 0.0, "percent_covered_display": "0.00", "missing_lines": 1, "excluded_lines": 0}, "missing_lines": [182], "excluded_lines": []}, "ModernizedDCFValuator.__init__": {"executed_lines": [], "summary": {"covered_lines": 0, "num_statements": 2, "percent_covered": 0.0, "percent_covered_display": "0.00", "missing_lines": 2, "excluded_lines": 0}, "missing_lines": [200, 201], "excluded_lines": []}, "ModernizedDCFValuator.calculate_dcf_valuation": {"executed_lines": [], "summary": {"covered_lines": 0, "num_statements": 23, "percent_covered": 0.0, "percent_covered_display": "0.00", "missing_lines": 23, "excluded_lines": 0}, "missing_lines": [214, 215, 216, 219, 222, 223, 224, 226, 227, 228, 231, 236, 237, 240, 246, 247, 250, 251, 254, 255, 257, 273, 274], "excluded_lines": []}, "integration_example": {"executed_lines": [], "summary": {"covered_lines": 0, "num_statements": 30, "percent_covered": 0.0, "percent_covered_display": "0.00", "missing_lines": 30, "excluded_lines": 0}, "missing_lines": [281, 284, 287, 288, 289, 292, 293, 294, 295, 296, 299, 300, 301, 302, 303, 306, 307, 308, 310, 311, 312, 313, 315, 317, 318, 319, 320, 321, 322, 323], "excluded_lines": []}, "": {"executed_lines": [], "summary": {"covered_lines": 0, "num_statements": 14, "percent_covered": 0.0, "percent_covered_display": "0.00", "missing_lines": 14, "excluded_lines": 2}, "missing_lines": [15, 16, 18, 20, 23, 29, 39, 85, 142, 175, 194, 199, 203, 277], "excluded_lines": [326, 327]}}, "classes": {"ModernizedFinancialCalculator": {"executed_lines": [], "summary": {"covered_lines": 0, "num_statements": 64, "percent_covered": 0.0, "percent_covered_display": "0.00", "missing_lines": 64, "excluded_lines": 0}, "missing_lines": [31, 32, 35, 36, 37, 46, 48, 49, 50, 51, 54, 55, 56, 57, 58, 61, 70, 71, 72, 75, 76, 78, 79, 81, 82, 83, 90, 91, 92, 93, 95, 98, 106, 107, 108, 111, 119, 120, 121, 124, 129, 130, 131, 134, 136, 138, 139, 140, 147, 148, 150, 151, 153, 155, 156, 157, 158, 161, 167, 168, 169, 171, 173, 182], "excluded_lines": []}, "ModernizedDCFValuator": {"executed_lines": [], "summary": {"covered_lines": 0, "num_statements": 25, "percent_covered": 0.0, "percent_covered_display": "0.00", "missing_lines": 25, "excluded_lines": 0}, "missing_lines": [200, 201, 214, 215, 216, 219, 222, 223, 224, 226, 227, 228, 231, 236, 237, 240, 246, 247, 250, 251, 254, 255, 257, 273, 274], "excluded_lines": []}, "": {"executed_lines": [], "summary": {"covered_lines": 0, "num_statements": 44, "percent_covered": 0.0, "percent_covered_display": "0.00", "missing_lines": 44, "excluded_lines": 2}, "missing_lines": [15, 16, 18, 20, 23, 29, 39, 85, 142, 175, 194, 199, 203, 277, 281, 284, 287, 288, 289, 292, 293, 294, 295, 296, 299, 300, 301, 302, 303, 306, 307, 308, 310, 311, 312, 313, 315, 317, 318, 319, 320, 321, 322, 323], "excluded_lines": [326, 327]}}}, "core\\analysis\\engines\\financial_calculation_engine.py": {"executed_lines": [], "summary": {"covered_lines": 0, "num_statements": 222, "percent_covered": 0.0, "percent_covered_display": "0.00", "missing_lines": 222, "excluded_lines": 0}, "missing_lines": [40, 41, 42, 43, 44, 46, 49, 50, 52, 53, 54, 55, 58, 67, 69, 70, 71, 72, 78, 101, 103, 104, 105, 111, 112, 119, 120, 122, 123, 130, 131, 132, 134, 135, 136, 137, 138, 141, 142, 143, 146, 149, 150, 152, 153, 154, 156, 165, 166, 172, 195, 197, 198, 199, 205, 206, 208, 209, 216, 217, 218, 219, 220, 221, 222, 223, 226, 227, 229, 230, 231, 233, 242, 243, 249, 266, 267, 268, 274, 276, 277, 284, 285, 286, 287, 288, 291, 292, 294, 295, 296, 298, 307, 308, 318, 337, 339, 340, 346, 347, 353, 354, 361, 362, 365, 366, 367, 373, 376, 377, 379, 390, 391, 401, 418, 420, 421, 427, 428, 435, 436, 443, 444, 445, 446, 447, 448, 450, 451, 453, 454, 455, 457, 468, 469, 475, 494, 496, 497, 504, 505, 512, 513, 516, 519, 520, 521, 527, 529, 541, 542, 552, 571, 573, 574, 580, 581, 588, 589, 596, 599, 600, 601, 607, 609, 621, 622, 632, 649, 651, 652, 658, 659, 665, 666, 673, 676, 677, 678, 679, 681, 691, 692, 698, 715, 717, 718, 724, 725, 732, 735, 736, 738, 748, 749, 759, 770, 771, 772, 774, 775, 776, 777, 779, 781, 782, 783, 785, 796, 797, 798, 804, 805, 812, 813, 814, 820, 823, 826, 828, 838, 839], "excluded_lines": [], "functions": {"FinancialCalculationEngine.__init__": {"executed_lines": [], "summary": {"covered_lines": 0, "num_statements": 4, "percent_covered": 0.0, "percent_covered_display": "0.00", "missing_lines": 4, "excluded_lines": 0}, "missing_lines": [69, 70, 71, 72], "excluded_lines": []}, "FinancialCalculationEngine.calculate_fcf_to_firm": {"executed_lines": [], "summary": {"covered_lines": 0, "num_statements": 30, "percent_covered": 0.0, "percent_covered_display": "0.00", "missing_lines": 30, "excluded_lines": 0}, "missing_lines": [101, 103, 104, 105, 111, 112, 119, 120, 122, 123, 130, 131, 132, 134, 135, 136, 137, 138, 141, 142, 143, 146, 149, 150, 152, 153, 154, 156, 165, 166], "excluded_lines": []}, "FinancialCalculationEngine.calculate_fcf_to_equity": {"executed_lines": [], "summary": {"covered_lines": 0, "num_statements": 24, "percent_covered": 0.0, "percent_covered_display": "0.00", "missing_lines": 24, "excluded_lines": 0}, "missing_lines": [195, 197, 198, 199, 205, 206, 208, 209, 216, 217, 218, 219, 220, 221, 222, 223, 226, 227, 229, 230, 231, 233, 242, 243], "excluded_lines": []}, "FinancialCalculationEngine.calculate_levered_fcf": {"executed_lines": [], "summary": {"covered_lines": 0, "num_statements": 19, "percent_covered": 0.0, "percent_covered_display": "0.00", "missing_lines": 19, "excluded_lines": 0}, "missing_lines": [266, 267, 268, 274, 276, 277, 284, 285, 286, 287, 288, 291, 292, 294, 295, 296, 298, 307, 308], "excluded_lines": []}, "FinancialCalculationEngine.calculate_cagr": {"executed_lines": [], "summary": {"covered_lines": 0, "num_statements": 18, "percent_covered": 0.0, "percent_covered_display": "0.00", "missing_lines": 18, "excluded_lines": 0}, "missing_lines": [337, 339, 340, 346, 347, 353, 354, 361, 362, 365, 366, 367, 373, 376, 377, 379, 390, 391], "excluded_lines": []}, "FinancialCalculationEngine.calculate_present_value": {"executed_lines": [], "summary": {"covered_lines": 0, "num_statements": 21, "percent_covered": 0.0, "percent_covered_display": "0.00", "missing_lines": 21, "excluded_lines": 0}, "missing_lines": [418, 420, 421, 427, 428, 435, 436, 443, 444, 445, 446, 447, 448, 450, 451, 453, 454, 455, 457, 468, 469], "excluded_lines": []}, "FinancialCalculationEngine.calculate_terminal_value": {"executed_lines": [], "summary": {"covered_lines": 0, "num_statements": 15, "percent_covered": 0.0, "percent_covered_display": "0.00", "missing_lines": 15, "excluded_lines": 0}, "missing_lines": [494, 496, 497, 504, 505, 512, 513, 516, 519, 520, 521, 527, 529, 541, 542], "excluded_lines": []}, "FinancialCalculationEngine.calculate_gordon_growth_value": {"executed_lines": [], "summary": {"covered_lines": 0, "num_statements": 15, "percent_covered": 0.0, "percent_covered_display": "0.00", "missing_lines": 15, "excluded_lines": 0}, "missing_lines": [571, 573, 574, 580, 581, 588, 589, 596, 599, 600, 601, 607, 609, 621, 622], "excluded_lines": []}, "FinancialCalculationEngine.calculate_pb_ratio": {"executed_lines": [], "summary": {"covered_lines": 0, "num_statements": 15, "percent_covered": 0.0, "percent_covered_display": "0.00", "missing_lines": 15, "excluded_lines": 0}, "missing_lines": [649, 651, 652, 658, 659, 665, 666, 673, 676, 677, 678, 679, 681, 691, 692], "excluded_lines": []}, "FinancialCalculationEngine.calculate_book_value_per_share": {"executed_lines": [], "summary": {"covered_lines": 0, "num_statements": 11, "percent_covered": 0.0, "percent_covered_display": "0.00", "missing_lines": 11, "excluded_lines": 0}, "missing_lines": [715, 717, 718, 724, 725, 732, 735, 736, 738, 748, 749], "excluded_lines": []}, "FinancialCalculationEngine.validate_positive_values": {"executed_lines": [], "summary": {"covered_lines": 0, "num_statements": 11, "percent_covered": 0.0, "percent_covered_display": "0.00", "missing_lines": 11, "excluded_lines": 0}, "missing_lines": [770, 771, 772, 774, 775, 776, 777, 779, 781, 782, 783], "excluded_lines": []}, "FinancialCalculationEngine.calculate_percentile": {"executed_lines": [], "summary": {"covered_lines": 0, "num_statements": 14, "percent_covered": 0.0, "percent_covered_display": "0.00", "missing_lines": 14, "excluded_lines": 0}, "missing_lines": [796, 797, 798, 804, 805, 812, 813, 814, 820, 823, 826, 828, 838, 839], "excluded_lines": []}, "": {"executed_lines": [], "summary": {"covered_lines": 0, "num_statements": 25, "percent_covered": 0.0, "percent_covered_display": "0.00", "missing_lines": 25, "excluded_lines": 0}, "missing_lines": [40, 41, 42, 43, 44, 46, 49, 50, 52, 53, 54, 55, 58, 67, 78, 172, 249, 318, 401, 475, 552, 632, 698, 759, 785], "excluded_lines": []}}, "classes": {"CalculationResult": {"executed_lines": [], "summary": {"covered_lines": 0, "num_statements": 0, "percent_covered": 100.0, "percent_covered_display": "100.00", "missing_lines": 0, "excluded_lines": 0}, "missing_lines": [], "excluded_lines": []}, "FinancialCalculationEngine": {"executed_lines": [], "summary": {"covered_lines": 0, "num_statements": 197, "percent_covered": 0.0, "percent_covered_display": "0.00", "missing_lines": 197, "excluded_lines": 0}, "missing_lines": [69, 70, 71, 72, 101, 103, 104, 105, 111, 112, 119, 120, 122, 123, 130, 131, 132, 134, 135, 136, 137, 138, 141, 142, 143, 146, 149, 150, 152, 153, 154, 156, 165, 166, 195, 197, 198, 199, 205, 206, 208, 209, 216, 217, 218, 219, 220, 221, 222, 223, 226, 227, 229, 230, 231, 233, 242, 243, 266, 267, 268, 274, 276, 277, 284, 285, 286, 287, 288, 291, 292, 294, 295, 296, 298, 307, 308, 337, 339, 340, 346, 347, 353, 354, 361, 362, 365, 366, 367, 373, 376, 377, 379, 390, 391, 418, 420, 421, 427, 428, 435, 436, 443, 444, 445, 446, 447, 448, 450, 451, 453, 454, 455, 457, 468, 469, 494, 496, 497, 504, 505, 512, 513, 516, 519, 520, 521, 527, 529, 541, 542, 571, 573, 574, 580, 581, 588, 589, 596, 599, 600, 601, 607, 609, 621, 622, 649, 651, 652, 658, 659, 665, 666, 673, 676, 677, 678, 679, 681, 691, 692, 715, 717, 718, 724, 725, 732, 735, 736, 738, 748, 749, 770, 771, 772, 774, 775, 776, 777, 779, 781, 782, 783, 796, 797, 798, 804, 805, 812, 813, 814, 820, 823, 826, 828, 838, 839], "excluded_lines": []}, "": {"executed_lines": [], "summary": {"covered_lines": 0, "num_statements": 25, "percent_covered": 0.0, "percent_covered_display": "0.00", "missing_lines": 25, "excluded_lines": 0}, "missing_lines": [40, 41, 42, 43, 44, 46, 49, 50, 52, 53, 54, 55, 58, 67, 78, 172, 249, 318, 401, 475, 552, 632, 698, 759, 785], "excluded_lines": []}}}, "core\\analysis\\engines\\financial_calculations.py": {"executed_lines": [], "summary": {"covered_lines": 0, "num_statements": 1527, "percent_covered": 0.0, "percent_covered_display": "0.00", "missing_lines": 1527, "excluded_lines": 0}, "missing_lines": [210, 211, 212, 213, 214, 215, 216, 217, 218, 219, 220, 221, 222, 223, 229, 230, 238, 239, 240, 243, 244, 245, 249, 250, 251, 252, 253, 254, 255, 256, 259, 262, 265, 268, 271, 288, 289, 291, 292, 293, 294, 295, 297, 298, 299, 300, 301, 302, 303, 304, 305, 306, 308, 309, 310, 312, 313, 316, 320, 322, 326, 339, 340, 341, 344, 346, 347, 348, 351, 354, 355, 357, 358, 360, 362, 365, 366, 367, 370, 373, 376, 377, 378, 381, 383, 385, 386, 387, 390, 391, 392, 398, 412, 413, 416, 418, 420, 421, 423, 426, 428, 430, 432, 435, 440, 450, 451, 454, 455, 458, 459, 461, 462, 463, 464, 467, 468, 469, 472, 473, 474, 479, 480, 481, 484, 487, 488, 492, 495, 496, 497, 498, 501, 502, 503, 504, 505, 506, 509, 510, 515, 517, 521, 523, 524, 527, 528, 529, 532, 533, 536, 537, 542, 543, 544, 547, 548, 551, 552, 556, 559, 560, 562, 563, 568, 569, 570, 575, 577, 587, 588, 589, 592, 593, 594, 597, 598, 599, 600, 601, 603, 605, 606, 607, 610, 611, 613, 615, 617, 618, 623, 624, 625, 630, 632, 647, 649, 652, 653, 654, 657, 659, 660, 663, 664, 666, 667, 670, 671, 673, 674, 678, 679, 680, 685, 687, 694, 695, 697, 699, 700, 701, 706, 707, 710, 711, 715, 716, 717, 720, 721, 722, 725, 726, 727, 728, 729, 730, 731, 733, 734, 735, 736, 737, 738, 740, 743, 746, 747, 750, 753, 756, 759, 764, 767, 770, 775, 778, 786, 787, 791, 792, 793, 795, 799, 802, 807, 810, 815, 818, 820, 825, 828, 834, 835, 842, 845, 847, 852, 855, 860, 863, 864, 867, 868, 870, 875, 876, 877, 878, 881, 882, 883, 884, 889, 890, 892, 897, 899, 901, 902, 903, 904, 905, 906, 907, 908, 909, 910, 911, 912, 914, 918, 919, 920, 922, 923, 924, 925, 926, 929, 930, 933, 934, 935, 937, 941, 942, 943, 944, 946, 948, 950, 957, 958, 960, 962, 969, 970, 972, 973, 975, 977, 978, 981, 983, 984, 985, 986, 988, 989, 990, 991, 993, 994, 995, 996, 997, 998, 999, 1000, 1001, 1002, 1004, 1005, 1006, 1007, 1009, 1010, 1011, 1012, 1013, 1014, 1015, 1016, 1017, 1018, 1021, 1022, 1023, 1024, 1025, 1026, 1027, 1028, 1029, 1030, 1031, 1032, 1035, 1036, 1037, 1038, 1039, 1040, 1041, 1042, 1043, 1044, 1045, 1046, 1049, 1050, 1051, 1052, 1053, 1054, 1055, 1056, 1059, 1060, 1061, 1062, 1063, 1064, 1067, 1068, 1069, 1071, 1072, 1074, 1075, 1076, 1077, 1078, 1079, 1080, 1081, 1083, 1084, 1085, 1086, 1089, 1090, 1091, 1092, 1093, 1094, 1095, 1096, 1097, 1099, 1100, 1101, 1102, 1105, 1106, 1108, 1109, 1112, 1113, 1114, 1116, 1117, 1118, 1121, 1123, 1124, 1126, 1127, 1128, 1130, 1133, 1134, 1135, 1136, 1138, 1140, 1147, 1149, 1150, 1153, 1154, 1155, 1158, 1159, 1160, 1161, 1163, 1164, 1165, 1167, 1168, 1169, 1170, 1172, 1173, 1174, 1175, 1176, 1177, 1180, 1181, 1182, 1183, 1184, 1185, 1186, 1187, 1188, 1189, 1190, 1191, 1192, 1193, 1195, 1196, 1199, 1200, 1203, 1204, 1205, 1207, 1208, 1209, 1210, 1211, 1212, 1213, 1215, 1216, 1217, 1220, 1221, 1222, 1223, 1224, 1225, 1226, 1227, 1229, 1231, 1232, 1234, 1235, 1236, 1238, 1248, 1251, 1260, 1261, 1262, 1264, 1266, 1276, 1277, 1278, 1281, 1284, 1293, 1294, 1295, 1296, 1297, 1298, 1299, 1300, 1302, 1303, 1304, 1305, 1306, 1307, 1310, 1313, 1314, 1317, 1318, 1319, 1320, 1321, 1323, 1324, 1326, 1327, 1328, 1330, 1337, 1338, 1339, 1341, 1342, 1343, 1344, 1345, 1346, 1349, 1350, 1351, 1352, 1353, 1354, 1355, 1358, 1359, 1360, 1361, 1362, 1363, 1365, 1373, 1374, 1375, 1377, 1379, 1381, 1383, 1386, 1387, 1389, 1392, 1393, 1394, 1396, 1398, 1399, 1401, 1409, 1411, 1412, 1413, 1414, 1416, 1417, 1420, 1421, 1422, 1425, 1426, 1428, 1429, 1430, 1431, 1434, 1435, 1436, 1439, 1441, 1442, 1451, 1454, 1456, 1457, 1458, 1459, 1461, 1462, 1464, 1466, 1474, 1476, 1477, 1478, 1480, 1488, 1489, 1491, 1492, 1494, 1501, 1502, 1503, 1505, 1512, 1513, 1515, 1522, 1523, 1524, 1525, 1527, 1530, 1531, 1533, 1534, 1535, 1536, 1537, 1540, 1546, 1548, 1549, 1551, 1552, 1553, 1555, 1560, 1562, 1563, 1564, 1565, 1568, 1569, 1570, 1571, 1572, 1575, 1584, 1585, 1588, 1590, 1591, 1592, 1595, 1596, 1604, 1606, 1607, 1613, 1616, 1617, 1620, 1623, 1625, 1628, 1630, 1631, 1632, 1634, 1642, 1644, 1645, 1646, 1647, 1650, 1651, 1652, 1653, 1654, 1657, 1666, 1667, 1670, 1672, 1673, 1674, 1677, 1678, 1686, 1688, 1695, 1698, 1699, 1702, 1705, 1707, 1710, 1712, 1713, 1714, 1716, 1721, 1723, 1724, 1725, 1726, 1729, 1730, 1733, 1734, 1737, 1740, 1741, 1743, 1744, 1745, 1748, 1749, 1752, 1755, 1757, 1760, 1762, 1763, 1764, 1766, 1773, 1774, 1777, 1780, 1781, 1782, 1785, 1788, 1789, 1790, 1793, 1794, 1799, 1800, 1801, 1802, 1803, 1807, 1810, 1811, 1812, 1813, 1815, 1816, 1818, 1819, 1820, 1821, 1822, 1823, 1825, 1833, 1834, 1836, 1843, 1845, 1852, 1854, 1864, 1865, 1866, 1869, 1877, 1884, 1886, 1887, 1889, 1890, 1893, 1894, 1895, 1896, 1897, 1899, 1900, 1904, 1905, 1906, 1907, 1910, 1911, 1914, 1916, 1918, 1919, 1922, 1923, 1924, 1929, 1930, 1935, 1936, 1937, 1938, 1939, 1943, 1945, 1961, 1963, 1964, 1965, 1966, 1969, 1972, 1973, 1974, 1975, 1976, 1977, 1979, 1981, 1982, 1988, 1989, 1990, 1991, 1993, 1996, 1999, 2002, 2003, 2004, 2005, 2007, 2009, 2010, 2011, 2012, 2013, 2015, 2016, 2019, 2020, 2021, 2022, 2025, 2027, 2028, 2029, 2030, 2033, 2034, 2035, 2039, 2040, 2041, 2044, 2045, 2047, 2052, 2053, 2055, 2057, 2058, 2061, 2064, 2065, 2066, 2069, 2070, 2072, 2073, 2074, 2075, 2078, 2080, 2082, 2084, 2085, 2088, 2089, 2090, 2093, 2094, 2095, 2097, 2099, 2100, 2101, 2102, 2103, 2106, 2107, 2108, 2109, 2112, 2113, 2116, 2117, 2119, 2120, 2123, 2124, 2125, 2126, 2130, 2132, 2134, 2135, 2136, 2137, 2138, 2139, 2141, 2142, 2155, 2157, 2158, 2159, 2160, 2161, 2163, 2165, 2168, 2169, 2170, 2171, 2173, 2175, 2177, 2178, 2180, 2182, 2186, 2187, 2190, 2193, 2196, 2197, 2198, 2199, 2202, 2203, 2204, 2205, 2206, 2209, 2210, 2211, 2212, 2213, 2215, 2217, 2228, 2229, 2232, 2233, 2234, 2235, 2238, 2239, 2240, 2241, 2243, 2245, 2253, 2254, 2255, 2258, 2259, 2260, 2263, 2264, 2265, 2267, 2269, 2276, 2278, 2279, 2282, 2283, 2284, 2285, 2286, 2289, 2290, 2294, 2296, 2298, 2299, 2300, 2302, 2309, 2310, 2312, 2315, 2334, 2336, 2338, 2345, 2346, 2348, 2351, 2363, 2365, 2371, 2373, 2381, 2384, 2386, 2387, 2388, 2391, 2392, 2393, 2395, 2397, 2410, 2411, 2413, 2414, 2415, 2418, 2419, 2420, 2421, 2424, 2426, 2427, 2428, 2429, 2435, 2436, 2438, 2439, 2441, 2442, 2443, 2444, 2445, 2446, 2449, 2452, 2453, 2454, 2455, 2458, 2461, 2462, 2463, 2465, 2468, 2473, 2474, 2477, 2480, 2481, 2484, 2491, 2492, 2494, 2495, 2496, 2499, 2500, 2501, 2502, 2505, 2512, 2517, 2518, 2519, 2521, 2522, 2525, 2526, 2527, 2528, 2533, 2535, 2536, 2537, 2544, 2545, 2546, 2550, 2555, 2566, 2567, 2569, 2570, 2572, 2573, 2574, 2575, 2576, 2577, 2578, 2585, 2586, 2589, 2592, 2593, 2594, 2595, 2596, 2597, 2598, 2600, 2601, 2602, 2604, 2606, 2616, 2617, 2619, 2622, 2631, 2635, 2637, 2638, 2639, 2642, 2644, 2646, 2654, 2655, 2656, 2657, 2658, 2661, 2662, 2663, 2664, 2666, 2668, 2675, 2676, 2678, 2680, 2681, 2684, 2686, 2687, 2690, 2695, 2700, 2701, 2703, 2705, 2706, 2709, 2710, 2711, 2712, 2714, 2715, 2718, 2719, 2720, 2721, 2722, 2724, 2725, 2726, 2729, 2736, 2742, 2743, 2744, 2745, 2750, 2751, 2752, 2753, 2759, 2760, 2761, 2763, 2774, 2776, 2777, 2779, 2780, 2782, 2783, 2785, 2795, 2796, 2797, 2799, 2809, 2810, 2811, 2813, 2821, 2822, 2824, 2826, 2829, 2831, 2838, 2839, 2841, 2843, 2845, 2847, 2860, 2861, 2865, 2868, 2870, 2877, 2883, 2884, 2892, 2894, 2901, 2902, 2905, 2906, 2907, 2910, 2911, 2914, 2915, 2916, 2918, 2924, 2934, 2936, 2948, 2949, 2950, 2952, 2953, 2955, 2957, 2958, 2968, 2969, 2972, 2976, 2978, 2979, 2980, 2982, 2983, 2985, 2987, 2988, 2989, 2990, 2995, 2997, 3004, 3006, 3009, 3040, 3041, 3043, 3044, 3045, 3047, 3054, 3056, 3063, 3064, 3065, 3067, 3085, 3087, 3090, 3101, 3102, 3104, 3105, 3106, 3108, 3128, 3130, 3131, 3134, 3135, 3136, 3139, 3140, 3141, 3142, 3145, 3146, 3147, 3148, 3149, 3150, 3151, 3158, 3173, 3174, 3176, 3178, 3179, 3180, 3182, 3199, 3201, 3202, 3205, 3208, 3247, 3248, 3250, 3251, 3252, 3260, 3262, 3263, 3266, 3268, 3269, 3271, 3273, 3274, 3275, 3276, 3278, 3280, 3281, 3283, 3285, 3286, 3287, 3289, 3290, 3291, 3292, 3294, 3296, 3297, 3299, 3301, 3302, 3303, 3305, 3306, 3307, 3308, 3310, 3312, 3313, 3315, 3317, 3318, 3319, 3321, 3322, 3323, 3324, 3326, 3328, 3329, 3332, 3334, 3335, 3336, 3337, 3338, 3339, 3341, 3342, 3343, 3344, 3346, 3348, 3349, 3350, 3352, 3358, 3359, 3360, 3362, 3363, 3364, 3365, 3367, 3369, 3370, 3371, 3373, 3379, 3380, 3381, 3385, 3398, 3399, 3400, 3401, 3403, 3408, 3409, 3410, 3417, 3418, 3419, 3427, 3428, 3429, 3430, 3433, 3434, 3435, 3436, 3438, 3439, 3442, 3452, 3453, 3456, 3457, 3458, 3461, 3462, 3463, 3464, 3465, 3466, 3467, 3468, 3469, 3471, 3483, 3484, 3485, 3486, 3487, 3488, 3490, 3491, 3492, 3494, 3496, 3497, 3498, 3507, 3521, 3522, 3524, 3525, 3526, 3529, 3530, 3531, 3534, 3535, 3537, 3538, 3539, 3541, 3544, 3555, 3557, 3558, 3560, 3561, 3562, 3564, 3565, 3566, 3568, 3569, 3570, 3572, 3574, 3575, 3583, 3586, 3587, 3589, 3591, 3592, 3593], "excluded_lines": [], "functions": {"retry_with_exponential_backoff": {"executed_lines": [], "summary": {"covered_lines": 0, "num_statements": 5, "percent_covered": 0.0, "percent_covered_display": "0.00", "missing_lines": 5, "excluded_lines": 0}, "missing_lines": [288, 289, 291, 292, 322], "excluded_lines": []}, "retry_with_exponential_backoff.decorator": {"executed_lines": [], "summary": {"covered_lines": 0, "num_statements": 2, "percent_covered": 0.0, "percent_covered_display": "0.00", "missing_lines": 2, "excluded_lines": 0}, "missing_lines": [293, 320], "excluded_lines": []}, "retry_with_exponential_backoff.decorator.wrapper": {"executed_lines": [], "summary": {"covered_lines": 0, "num_statements": 18, "percent_covered": 0.0, "percent_covered_display": "0.00", "missing_lines": 18, "excluded_lines": 0}, "missing_lines": [294, 295, 297, 298, 299, 300, 301, 302, 303, 304, 305, 306, 308, 309, 310, 312, 313, 316], "excluded_lines": []}, "safe_numeric_conversion": {"executed_lines": [], "summary": {"covered_lines": 0, "num_statements": 30, "percent_covered": 0.0, "percent_covered_display": "0.00", "missing_lines": 30, "excluded_lines": 0}, "missing_lines": [339, 340, 341, 344, 346, 347, 348, 351, 354, 355, 357, 358, 360, 362, 365, 366, 367, 370, 373, 376, 377, 378, 381, 383, 385, 386, 387, 390, 391, 392], "excluded_lines": []}, "handle_financial_nan_series": {"executed_lines": [], "summary": {"covered_lines": 0, "num_statements": 11, "percent_covered": 0.0, "percent_covered_display": "0.00", "missing_lines": 11, "excluded_lines": 0}, "missing_lines": [412, 413, 416, 418, 420, 421, 423, 426, 428, 430, 432], "excluded_lines": []}, "FinancialCalculator.__init__": {"executed_lines": [], "summary": {"covered_lines": 0, "num_statements": 36, "percent_covered": 0.0, "percent_covered_display": "0.00", "missing_lines": 36, "excluded_lines": 0}, "missing_lines": [450, 451, 454, 455, 458, 459, 461, 462, 463, 464, 467, 468, 469, 472, 473, 474, 479, 480, 481, 484, 487, 488, 492, 495, 496, 497, 498, 501, 502, 503, 504, 505, 506, 509, 510, 515], "excluded_lines": []}, "FinancialCalculator.load_financial_statements": {"executed_lines": [], "summary": {"covered_lines": 0, "num_statements": 26, "percent_covered": 0.0, "percent_covered_display": "0.00", "missing_lines": 26, "excluded_lines": 0}, "missing_lines": [521, 523, 524, 527, 528, 529, 532, 533, 536, 537, 542, 543, 544, 547, 548, 551, 552, 556, 559, 560, 562, 563, 568, 569, 570, 575], "excluded_lines": []}, "FinancialCalculator._load_excel_data": {"executed_lines": [], "summary": {"covered_lines": 0, "num_statements": 25, "percent_covered": 0.0, "percent_covered_display": "0.00", "missing_lines": 25, "excluded_lines": 0}, "missing_lines": [587, 588, 589, 592, 593, 594, 597, 598, 599, 600, 601, 603, 605, 606, 607, 610, 611, 613, 615, 617, 618, 623, 624, 625, 630], "excluded_lines": []}, "FinancialCalculator._extract_metric_with_ltm": {"executed_lines": [], "summary": {"covered_lines": 0, "num_statements": 20, "percent_covered": 0.0, "percent_covered_display": "0.00", "missing_lines": 20, "excluded_lines": 0}, "missing_lines": [647, 649, 652, 653, 654, 657, 659, 660, 663, 664, 666, 667, 670, 671, 673, 674, 678, 679, 680, 685], "excluded_lines": []}, "FinancialCalculator._calculate_all_metrics": {"executed_lines": [], "summary": {"covered_lines": 0, "num_statements": 95, "percent_covered": 0.0, "percent_covered_display": "0.00", "missing_lines": 95, "excluded_lines": 0}, "missing_lines": [694, 695, 697, 699, 700, 701, 706, 707, 710, 711, 715, 716, 717, 720, 721, 722, 725, 726, 727, 728, 729, 730, 731, 733, 734, 735, 736, 737, 738, 740, 743, 746, 747, 750, 753, 756, 759, 764, 767, 770, 775, 778, 786, 787, 791, 792, 793, 795, 799, 802, 807, 810, 815, 818, 820, 825, 828, 834, 835, 842, 845, 847, 852, 855, 860, 863, 864, 867, 868, 870, 875, 876, 877, 878, 881, 882, 883, 884, 889, 890, 892, 897, 899, 901, 902, 903, 904, 905, 906, 907, 908, 909, 910, 911, 912], "excluded_lines": []}, "FinancialCalculator._log_metrics_completeness": {"executed_lines": [], "summary": {"covered_lines": 0, "num_statements": 20, "percent_covered": 0.0, "percent_covered_display": "0.00", "missing_lines": 20, "excluded_lines": 0}, "missing_lines": [918, 919, 920, 922, 923, 924, 925, 926, 929, 930, 933, 934, 935, 937, 941, 942, 943, 944, 946, 948], "excluded_lines": []}, "FinancialCalculator.get_data_quality_report": {"executed_lines": [], "summary": {"covered_lines": 0, "num_statements": 3, "percent_covered": 0.0, "percent_covered_display": "0.00", "missing_lines": 3, "excluded_lines": 0}, "missing_lines": [957, 958, 960], "excluded_lines": []}, "FinancialCalculator.get_latest_report_date": {"executed_lines": [], "summary": {"covered_lines": 0, "num_statements": 130, "percent_covered": 0.0, "percent_covered_display": "0.00", "missing_lines": 130, "excluded_lines": 0}, "missing_lines": [969, 970, 972, 973, 975, 977, 978, 981, 983, 984, 985, 986, 988, 989, 990, 991, 993, 994, 995, 996, 997, 998, 999, 1000, 1001, 1002, 1004, 1005, 1006, 1007, 1009, 1010, 1011, 1012, 1013, 1014, 1015, 1016, 1017, 1018, 1021, 1022, 1023, 1024, 1025, 1026, 1027, 1028, 1029, 1030, 1031, 1032, 1035, 1036, 1037, 1038, 1039, 1040, 1041, 1042, 1043, 1044, 1045, 1046, 1049, 1050, 1051, 1052, 1053, 1054, 1055, 1056, 1059, 1060, 1061, 1062, 1063, 1064, 1067, 1068, 1069, 1071, 1072, 1074, 1075, 1076, 1077, 1078, 1079, 1080, 1081, 1083, 1084, 1085, 1086, 1089, 1090, 1091, 1092, 1093, 1094, 1095, 1096, 1097, 1099, 1100, 1101, 1102, 1105, 1106, 1108, 1109, 1112, 1113, 1114, 1116, 1117, 1118, 1121, 1123, 1124, 1126, 1127, 1128, 1130, 1133, 1134, 1135, 1136, 1138], "excluded_lines": []}, "FinancialCalculator._extract_excel_dates": {"executed_lines": [], "summary": {"covered_lines": 0, "num_statements": 68, "percent_covered": 0.0, "percent_covered_display": "0.00", "missing_lines": 68, "excluded_lines": 0}, "missing_lines": [1147, 1149, 1150, 1153, 1154, 1155, 1158, 1159, 1160, 1161, 1163, 1164, 1165, 1167, 1168, 1169, 1170, 1172, 1173, 1174, 1175, 1176, 1177, 1180, 1181, 1182, 1183, 1184, 1185, 1186, 1187, 1188, 1189, 1190, 1191, 1192, 1193, 1195, 1196, 1199, 1200, 1203, 1204, 1205, 1207, 1208, 1209, 1210, 1211, 1212, 1213, 1215, 1216, 1217, 1220, 1221, 1222, 1223, 1224, 1225, 1226, 1227, 1229, 1231, 1232, 1234, 1235, 1236], "excluded_lines": []}, "FinancialCalculator._looks_like_date": {"executed_lines": [], "summary": {"covered_lines": 0, "num_statements": 6, "percent_covered": 0.0, "percent_covered_display": "0.00", "missing_lines": 6, "excluded_lines": 0}, "missing_lines": [1248, 1251, 1260, 1261, 1262, 1264], "excluded_lines": []}, "FinancialCalculator._standardize_excel_date": {"executed_lines": [], "summary": {"covered_lines": 0, "num_statements": 32, "percent_covered": 0.0, "percent_covered_display": "0.00", "missing_lines": 32, "excluded_lines": 0}, "missing_lines": [1276, 1277, 1278, 1281, 1284, 1293, 1294, 1295, 1296, 1297, 1298, 1299, 1300, 1302, 1303, 1304, 1305, 1306, 1307, 1310, 1313, 1314, 1317, 1318, 1319, 1320, 1321, 1323, 1324, 1326, 1327, 1328], "excluded_lines": []}, "FinancialCalculator._extract_api_dates": {"executed_lines": [], "summary": {"covered_lines": 0, "num_statements": 22, "percent_covered": 0.0, "percent_covered_display": "0.00", "missing_lines": 22, "excluded_lines": 0}, "missing_lines": [1337, 1338, 1339, 1341, 1342, 1343, 1344, 1345, 1346, 1349, 1350, 1351, 1352, 1353, 1354, 1355, 1358, 1359, 1360, 1361, 1362, 1363], "excluded_lines": []}, "FinancialCalculator._track_calculation_dates": {"executed_lines": [], "summary": {"covered_lines": 0, "num_statements": 16, "percent_covered": 0.0, "percent_covered_display": "0.00", "missing_lines": 16, "excluded_lines": 0}, "missing_lines": [1373, 1374, 1375, 1377, 1379, 1381, 1383, 1386, 1387, 1389, 1392, 1393, 1394, 1396, 1398, 1399], "excluded_lines": []}, "FinancialCalculator._create_enhanced_fcf_correlation": {"executed_lines": [], "summary": {"covered_lines": 0, "num_statements": 31, "percent_covered": 0.0, "percent_covered_display": "0.00", "missing_lines": 31, "excluded_lines": 0}, "missing_lines": [1409, 1411, 1412, 1413, 1414, 1416, 1417, 1420, 1421, 1422, 1425, 1426, 1428, 1429, 1430, 1431, 1434, 1435, 1436, 1439, 1441, 1442, 1451, 1454, 1456, 1457, 1458, 1459, 1461, 1462, 1464], "excluded_lines": []}, "FinancialCalculator._create_basic_fcf_correlation": {"executed_lines": [], "summary": {"covered_lines": 0, "num_statements": 9, "percent_covered": 0.0, "percent_covered_display": "0.00", "missing_lines": 9, "excluded_lines": 0}, "missing_lines": [1474, 1476, 1477, 1478, 1480, 1488, 1489, 1491, 1492], "excluded_lines": []}, "FinancialCalculator._get_latest_report_date": {"executed_lines": [], "summary": {"covered_lines": 0, "num_statements": 3, "percent_covered": 0.0, "percent_covered_display": "0.00", "missing_lines": 3, "excluded_lines": 0}, "missing_lines": [1501, 1502, 1503], "excluded_lines": []}, "FinancialCalculator.set_validation_enabled": {"executed_lines": [], "summary": {"covered_lines": 0, "num_statements": 2, "percent_covered": 0.0, "percent_covered_display": "0.00", "missing_lines": 2, "excluded_lines": 0}, "missing_lines": [1512, 1513], "excluded_lines": []}, "FinancialCalculator.initialize_enhanced_date_correlation": {"executed_lines": [], "summary": {"covered_lines": 0, "num_statements": 19, "percent_covered": 0.0, "percent_covered_display": "0.00", "missing_lines": 19, "excluded_lines": 0}, "missing_lines": [1522, 1523, 1524, 1525, 1527, 1530, 1531, 1533, 1534, 1535, 1536, 1537, 1540, 1546, 1548, 1549, 1551, 1552, 1553], "excluded_lines": []}, "FinancialCalculator.calculate_fcf_to_firm": {"executed_lines": [], "summary": {"covered_lines": 0, "num_statements": 32, "percent_covered": 0.0, "percent_covered_display": "0.00", "missing_lines": 32, "excluded_lines": 0}, "missing_lines": [1560, 1562, 1563, 1564, 1565, 1568, 1569, 1570, 1571, 1572, 1575, 1584, 1585, 1588, 1590, 1591, 1592, 1595, 1596, 1604, 1606, 1607, 1613, 1616, 1617, 1620, 1623, 1625, 1628, 1630, 1631, 1632], "
[...]
"missing_lines": [78, 80, 81, 82, 83, 84, 86, 88], "excluded_lines": []}, "safe_json_dump": {"executed_lines": [], "summary": {"covered_lines": 0, "num_statements": 4, "percent_covered": 0.0, "percent_covered_display": "0.00", "missing_lines": 4, "excluded_lines": 0}, "missing_lines": [100, 105, 107, 108], "excluded_lines": []}, "safe_json_load": {"executed_lines": [], "summary": {"covered_lines": 0, "num_statements": 2, "percent_covered": 0.0, "percent_covered_display": "0.00", "missing_lines": 2, "excluded_lines": 0}, "missing_lines": [122, 123], "excluded_lines": []}, "safe_csv_export": {"executed_lines": [], "summary": {"covered_lines": 0, "num_statements": 3, "percent_covered": 0.0, "percent_covered_display": "0.00", "missing_lines": 3, "excluded_lines": 0}, "missing_lines": [135, 139, 141], "excluded_lines": []}, "get_system_encoding_info": {"executed_lines": [], "summary": {"covered_lines": 0, "num_statements": 9, "percent_covered": 0.0, "percent_covered_display": "0.00", "missing_lines": 9, "excluded_lines": 0}, "missing_lines": [151, 164, 165, 166, 167, 168, 169, 170, 172], "excluded_lines": []}, "setup_windows_console": {"executed_lines": [], "summary": {"covered_lines": 0, "num_statements": 10, "percent_covered": 0.0, "percent_covered_display": "0.00", "missing_lines": 10, "excluded_lines": 0}, "missing_lines": [180, 181, 183, 184, 187, 188, 189, 190, 192, 193], "excluded_lines": []}, "validate_unicode_support": {"executed_lines": [], "summary": {"covered_lines": 0, "num_statements": 10, "percent_covered": 0.0, "percent_covered_display": "0.00", "missing_lines": 10, "excluded_lines": 0}, "missing_lines": [203, 205, 214, 216, 217, 218, 219, 221, 223, 224], "excluded_lines": []}, "": {"executed_lines": [], "summary": {"covered_lines": 0, "num_statements": 17, "percent_covered": 0.0, "percent_covered_display": "0.00", "missing_lines": 17, "excluded_lines": 14}, "missing_lines": [8, 9, 10, 11, 12, 13, 16, 31, 44, 54, 65, 91, 111, 126, 144, 175, 196], "excluded_lines": [227, 229, 232, 233, 236, 237, 238, 239, 242, 245, 246, 247, 248, 250]}}, "classes": {"": {"executed_lines": [], "summary": {"covered_lines": 0, "num_statements": 76, "percent_covered": 0.0, "percent_covered_display": "0.00", "missing_lines": 76, "excluded_lines": 14}, "missing_lines": [8, 9, 10, 11, 12, 13, 16, 23, 25, 28, 31, 38, 39, 41, 44, 51, 54, 56, 57, 59, 60, 61, 62, 65, 78, 80, 81, 82, 83, 84, 86, 88, 91, 100, 105, 107, 108, 111, 122, 123, 126, 135, 139, 141, 144, 151, 164, 165, 166, 167, 168, 169, 170, 172, 175, 180, 181, 183, 184, 187, 188, 189, 190, 192, 193, 196, 203, 205, 214, 216, 217, 218, 219, 221, 223, 224], "excluded_lines": [227, 229, 232, 233, 236, 237, 238, 239, 242, 245, 246, 247, 248, 250]}}}, "utils\\excel_processor.py": {"executed_lines": [], "summary": {"covered_lines": 0, "num_statements": 171, "percent_covered": 0.0, "percent_covered_display": "0.00", "missing_lines": 171, "excluded_lines": 0}, "missing_lines": [8, 9, 10, 11, 12, 13, 15, 18, 24, 26, 27, 28, 31, 33, 44, 46, 47, 50, 51, 54, 55, 56, 58, 61, 62, 64, 67, 69, 70, 71, 73, 96, 97, 99, 101, 102, 103, 104, 105, 107, 108, 110, 112, 131, 132, 134, 135, 137, 138, 141, 142, 144, 146, 147, 148, 149, 150, 152, 154, 156, 177, 179, 180, 181, 183, 185, 204, 206, 207, 208, 210, 212, 225, 226, 228, 229, 230, 231, 232, 233, 234, 236, 238, 248, 251, 253, 254, 255, 256, 258, 259, 260, 261, 262, 263, 265, 267, 279, 281, 282, 283, 284, 286, 288, 289, 290, 292, 293, 296, 297, 299, 300, 301, 303, 305, 315, 316, 318, 319, 320, 322, 324, 326, 327, 328, 331, 332, 335, 336, 337, 339, 340, 341, 342, 343, 346, 347, 348, 350, 351, 352, 353, 354, 357, 358, 360, 361, 362, 363, 364, 366, 368, 378, 379, 381, 384, 390, 392, 402, 404, 405, 406, 407, 408, 409, 411, 413, 415, 416, 418, 420], "excluded_lines": [], "functions": {"UnifiedExcelProcessor.__init__": {"executed_lines": [], "summary": {"covered_lines": 0, "num_statements": 4, "percent_covered": 0.0, "percent_covered_display": "0.00", "missing_lines": 4, "excluded_lines": 0}, "missing_lines": [26, 27, 28, 31], "excluded_lines": []}, "UnifiedExcelProcessor.load_excel_to_dataframe": {"executed_lines": [], "summary": {"covered_lines": 0, "num_statements": 16, "percent_covered": 0.0, "percent_covered_display": "0.00", "missing_lines": 16, "excluded_lines": 0}, "missing_lines": [44, 46, 47, 50, 51, 54, 55, 56, 58, 61, 62, 64, 67, 69, 70, 71], "excluded_lines": []}, "UnifiedExcelProcessor.find_metric_row": {"executed_lines": [], "summary": {"covered_lines": 0, "num_statements": 11, "percent_covered": 0.0, "percent_covered_display": "0.00", "missing_lines": 11, "excluded_lines": 0}, "missing_lines": [96, 97, 99, 101, 102, 103, 104, 105, 107, 108, 110], "excluded_lines": []}, "UnifiedExcelProcessor.extract_numeric_values": {"executed_lines": [], "summary": {"covered_lines": 0, "num_statements": 16, "percent_covered": 0.0, "percent_covered_display": "0.00", "missing_lines": 16, "excluded_lines": 0}, "missing_lines": [131, 132, 134, 135, 137, 138, 141, 142, 144, 146, 147, 148, 149, 150, 152, 154], "excluded_lines": []}, "UnifiedExcelProcessor.extract_financial_metric": {"executed_lines": [], "summary": {"covered_lines": 0, "num_statements": 5, "percent_covered": 0.0, "percent_covered_display": "0.00", "missing_lines": 5, "excluded_lines": 0}, "missing_lines": [177, 179, 180, 181, 183], "excluded_lines": []}, "UnifiedExcelProcessor.extract_multiple_metrics": {"executed_lines": [], "summary": {"covered_lines": 0, "num_statements": 5, "percent_covered": 0.0, "percent_covered_display": "0.00", "missing_lines": 5, "excluded_lines": 0}, "missing_lines": [204, 206, 207, 208, 210], "excluded_lines": []}, "UnifiedExcelProcessor.find_company_name": {"executed_lines": [], "summary": {"covered_lines": 0, "num_statements": 10, "percent_covered": 0.0, "percent_covered_display": "0.00", "missing_lines": 10, "excluded_lines": 0}, "missing_lines": [225, 226, 228, 229, 230, 231, 232, 233, 234, 236], "excluded_lines": []}, "UnifiedExcelProcessor.extract_period_dates": {"executed_lines": [], "summary": {"covered_lines": 0, "num_statements": 13, "percent_covered": 0.0, "percent_covered_display": "0.00", "missing_lines": 13, "excluded_lines": 0}, "missing_lines": [248, 251, 253, 254, 255, 256, 258, 259, 260, 261, 262, 263, 265], "excluded_lines": []}, "UnifiedExcelProcessor.load_company_financial_statements": {"executed_lines": [], "summary": {"covered_lines": 0, "num_statements": 17, "percent_covered": 0.0, "percent_covered_display": "0.00", "missing_lines": 17, "excluded_lines": 0}, "missing_lines": [279, 281, 282, 283, 284, 286, 288, 289, 290, 292, 293, 296, 297, 299, 300, 301, 303], "excluded_lines": []}, "UnifiedExcelProcessor._convert_to_numeric": {"executed_lines": [], "summary": {"covered_lines": 0, "num_statements": 36, "percent_covered": 0.0, "percent_covered_display": "0.00", "missing_lines": 36, "excluded_lines": 0}, "missing_lines": [315, 316, 318, 319, 320, 322, 324, 326, 327, 328, 331, 332, 335, 336, 337, 339, 340, 341, 342, 343, 346, 347, 348, 350, 351, 352, 353, 354, 357, 358, 360, 361, 362, 363, 364, 366], "excluded_lines": []}, "UnifiedExcelProcessor._looks_like_date": {"executed_lines": [], "summary": {"covered_lines": 0, "num_statements": 5, "percent_covered": 0.0, "percent_covered_display": "0.00", "missing_lines": 5, "excluded_lines": 0}, "missing_lines": [378, 379, 381, 384, 390], "excluded_lines": []}, "UnifiedExcelProcessor._determine_statement_type": {"executed_lines": [], "summary": {"covered_lines": 0, "num_statements": 8, "percent_covered": 0.0, "percent_covered_display": "0.00", "missing_lines": 8, "excluded_lines": 0}, "missing_lines": [402, 404, 405, 406, 407, 408, 409, 411], "excluded_lines": []}, "UnifiedExcelProcessor.clear_cache": {"executed_lines": [], "summary": {"covered_lines": 0, "num_statements": 2, "percent_covered": 0.0, "percent_covered_display": "0.00", "missing_lines": 2, "excluded_lines": 0}, "missing_lines": [415, 416], "excluded_lines": []}, "UnifiedExcelProcessor.get_cache_stats": {"executed_lines": [], "summary": {"covered_lines": 0, "num_statements": 1, "percent_covered": 0.0, "percent_covered_display": "0.00", "missing_lines": 1, "excluded_lines": 0}, "missing_lines": [420], "excluded_lines": []}, "": {"executed_lines": [], "summary": {"covered_lines": 0, "num_statements": 22, "percent_covered": 0.0, "percent_covered_display": "0.00", "missing_lines": 22, "excluded_lines": 0}, "missing_lines": [8, 9, 10, 11, 12, 13, 15, 18, 24, 33, 73, 112, 156, 185, 212, 238, 267, 305, 368, 392, 413, 418], "excluded_lines": []}}, "classes": {"UnifiedExcelProcessor": {"executed_lines": [], "summary": {"covered_lines": 0, "num_statements": 149, "percent_covered": 0.0, "percent_covered_display": "0.00", "missing_lines": 149, "excluded_lines": 0}, "missing_lines": [26, 27, 28, 31, 44, 46, 47, 50, 51, 54, 55, 56, 58, 61, 62, 64, 67, 69, 70, 71, 96, 97, 99, 101, 102, 103, 104, 105, 107, 108, 110, 131, 132, 134, 135, 137, 138, 141, 142, 144, 146, 147, 148, 149, 150, 152, 154, 177, 179, 180, 181, 183, 204, 206, 207, 208, 210, 225, 226, 228, 229, 230, 231, 232, 233, 234, 236, 248, 251, 253, 254, 255, 256, 258, 259, 260, 261, 262, 263, 265, 279, 281, 282, 283, 284, 286, 288, 289, 290, 292, 293, 296, 297, 299, 300, 301, 303, 315, 316, 318, 319, 320, 322, 324, 326, 327, 328, 331, 332, 335, 336, 337, 339, 340, 341, 342, 343, 346, 347, 348, 350, 351, 352, 353, 354, 357, 358, 360, 361, 362, 363, 364, 366, 378, 379, 381, 384, 390, 402, 404, 405, 406, 407, 408, 409, 411, 415, 416, 420], "excluded_lines": []}, "": {"executed_lines": [], "summary": {"covered_lines": 0, "num_statements": 22, "percent_covered": 0.0, "percent_covered_display": "0.00", "missing_lines": 22, "excluded_lines": 0}, "missing_lines": [8, 9, 10, 11, 12, 13, 15, 18, 24, 33, 73, 112, 156, 185, 212, 238, 267, 305, 368, 392, 413, 418], "excluded_lines": []}}}, "utils\\growth_calculator.py": {"executed_lines": [], "summary": {"covered_lines": 0, "num_statements": 97, "percent_covered": 0.0, "percent_covered_display": "0.00", "missing_lines": 97, "excluded_lines": 0}, "missing_lines": [9, 10, 11, 13, 16, 24, 26, 28, 45, 47, 48, 50, 51, 53, 54, 57, 58, 61, 64, 65, 66, 68, 70, 72, 73, 74, 76, 89, 90, 92, 94, 96, 98, 99, 101, 102, 104, 105, 108, 110, 112, 130, 131, 133, 136, 137, 138, 141, 142, 144, 146, 161, 162, 164, 166, 167, 169, 171, 184, 187, 189, 190, 191, 193, 194, 195, 196, 197, 199, 200, 202, 204, 206, 219, 220, 222, 224, 241, 242, 244, 245, 247, 248, 250, 252, 265, 269, 270, 272, 281, 295, 296, 298, 299, 301, 302, 304], "excluded_lines": [], "functions": {"GrowthRateCalculator.__init__": {"executed_lines": [], "summary": {"covered_lines": 0, "num_statements": 1, "percent_covered": 0.0, "percent_covered_display": "0.00", "missing_lines": 1, "excluded_lines": 0}, "missing_lines": [26], "excluded_lines": []}, "GrowthRateCalculator.calculate_cagr": {"executed_lines": [], "summary": {"covered_lines": 0, "num_statements": 18, "percent_covered": 0.0, "percent_covered_display": "0.00", "missing_lines": 18, "excluded_lines": 0}, "missing_lines": [45, 47, 48, 50, 51, 53, 54, 57, 58, 61, 64, 65, 66, 68, 70, 72, 73, 74], "excluded_lines": []}, "GrowthRateCalculator.calculate_growth_rates_for_series": {"executed_lines": [], "summary": {"covered_lines": 0, "num_statements": 13, "percent_covered": 0.0, "percent_covered_display": "0.00", "missing_lines": 13, "excluded_lines": 0}, "missing_lines": [89, 90, 92, 94, 96, 98, 99, 101, 102, 104, 105, 108, 110], "excluded_lines": []}, "GrowthRateCalculator.calculate_fcf_growth_rates": {"executed_lines": [], "summary": {"covered_lines": 0, "num_statements": 9, "percent_covered": 0.0, "percent_covered_display": "0.00", "missing_lines": 9, "excluded_lines": 0}, "missing_lines": [130, 131, 133, 136, 137, 138, 141, 142, 144], "excluded_lines": []}, "GrowthRateCalculator.calculate_historical_growth_rates": {"executed_lines": [], "summary": {"covered_lines": 0, "num_statements": 6, "percent_covered": 0.0, "percent_covered_display": "0.00", "missing_lines": 6, "excluded_lines": 0}, "missing_lines": [161, 162, 164, 166, 167, 169], "excluded_lines": []}, "GrowthRateCalculator._calculate_average_growth_rates": {"executed_lines": [], "summary": {"covered_lines": 0, "num_statements": 14, "percent_covered": 0.0, "percent_covered_display": "0.00", "missing_lines": 14, "excluded_lines": 0}, "missing_lines": [184, 187, 189, 190, 191, 193, 194, 195, 196, 197, 199, 200, 202, 204], "excluded_lines": []}, "GrowthRateCalculator._values_have_opposite_signs": {"executed_lines": [], "summary": {"covered_lines": 0, "num_statements": 3, "percent_covered": 0.0, "percent_covered_display": "0.00", "missing_lines": 3, "excluded_lines": 0}, "missing_lines": [219, 220, 222], "excluded_lines": []}, "GrowthRateCalculator.validate_growth_rate": {"executed_lines": [], "summary": {"covered_lines": 0, "num_statements": 7, "percent_covered": 0.0, "percent_covered_display": "0.00", "missing_lines": 7, "excluded_lines": 0}, "missing_lines": [241, 242, 244, 245, 247, 248, 250], "excluded_lines": []}, "GrowthRateCalculator.get_growth_rate_statistics": {"executed_lines": [], "summary": {"covered_lines": 0, "num_statements": 4, "percent_covered": 0.0, "percent_covered_display": "0.00", "missing_lines": 4, "excluded_lines": 0}, "missing_lines": [265, 269, 270, 272], "excluded_lines": []}, "GrowthRateCalculator.format_growth_rate": {"executed_lines": [], "summary": {"covered_lines": 0, "num_statements": 7, "percent_covered": 0.0, "percent_covered_display": "0.00", "missing_lines": 7, "excluded_lines": 0}, "missing_lines": [295, 296, 298, 299, 301, 302, 304], "excluded_lines": []}, "": {"executed_lines": [], "summary": {"covered_lines": 0, "num_statements": 15, "percent_covered": 0.0, "percent_covered_display": "0.00", "missing_lines": 15, "excluded_lines": 0}, "missing_lines": [9, 10, 11, 13, 16, 24, 28, 76, 112, 146, 171, 206, 224, 252, 281], "excluded_lines": []}}, "classes": {"GrowthRateCalculator": {"executed_lines": [], "summary": {"covered_lines": 0, "num_statements": 82, "percent_covered": 0.0, "percent_covered_display": "0.00", "missing_lines": 82, "excluded_lines": 0}, "missing_lines": [26, 45, 47, 48, 50, 51, 53, 54, 57, 58, 61, 64, 65, 66, 68, 70, 72, 73, 74, 89, 90, 92, 94, 96, 98, 99, 101, 102, 104, 105, 108, 110, 130, 131, 133, 136, 137, 138, 141, 142, 144, 161, 162, 164, 166, 167, 169, 184, 187, 189, 190, 191, 193, 194, 195, 196, 197, 199, 200, 202, 204, 219, 220, 222, 241, 242, 244, 245, 247, 248, 250, 265, 269, 270, 272, 295, 296, 298, 299, 301, 302, 304], "excluded_lines": []}, "": {"executed_lines": [], "summary": {"covered_lines": 0, "num_statements": 15, "percent_covered": 0.0, "percent_covered_display": "0.00", "missing_lines": 15, "excluded_lines": 0}, "missing_lines": [9, 10, 11, 13, 16, 24, 28, 76, 112, 146, 171, 206, 224, 252, 281], "excluded_lines": []}}}, "utils\\plotting_utils.py": {"executed_lines": [], "summary": {"covered_lines": 0, "num_statements": 114, "percent_covered": 0.0, "percent_covered_display": "0.00", "missing_lines": 114, "excluded_lines": 0}, "missing_lines": [8, 9, 10, 11, 12, 13, 14, 15, 17, 20, 26, 33, 41, 43, 45, 66, 68, 69, 72, 73, 74, 77, 78, 82, 84, 99, 100, 101, 102, 123, 134, 136, 138, 151, 153, 154, 157, 158, 159, 161, 162, 165, 166, 168, 170, 172, 188, 198, 200, 202, 221, 223, 224, 227, 242, 243, 244, 246, 261, 271, 273, 275, 288, 289, 292, 293, 296, 309, 316, 318, 331, 332, 334, 335, 336, 338, 339, 341, 354, 361, 363, 373, 374, 383, 385, 398, 399, 402, 403, 404, 405, 406, 408, 409, 411, 414, 415, 416, 417, 418, 419, 420, 421, 422, 423, 425, 426, 428, 430, 432, 451, 464, 465, 467], "excluded_lines": [], "functions": {"PlottingUtils.__init__": {"executed_lines": [], "summary": {"covered_lines": 0, "num_statements": 1, "percent_covered": 0.0, "percent_covered_display": "0.00", "missing_lines": 1, "excluded_lines": 0}, "missing_lines": [43], "excluded_lines": []}, "PlottingUtils.create_fcf_comparison_chart": {"executed_lines": [], "summary": {"covered_lines": 0, "num_statements": 17, "percent_covered": 0.0, "percent_covered_display": "0.00", "missing_lines": 17, "excluded_lines": 0}, "missing_lines": [66, 68, 69, 72, 73, 74, 77, 78, 82, 84, 99, 100, 101, 102, 123, 134, 136], "excluded_lines": []}, "PlottingUtils.create_growth_rate_chart": {"executed_lines": [], "summary": {"covered_lines": 0, "num_statements": 16, "percent_covered": 0.0, "percent_covered_display": "0.00", "missing_lines": 16, "excluded_lines": 0}, "missing_lines": [151, 153, 154, 157, 158, 159, 161, 162, 165, 166, 168, 170, 172, 188, 198, 200], "excluded_lines": []}, "PlottingUtils.create_trend_analysis_chart": {"executed_lines": [], "summary": {"covered_lines": 0, "num_statements": 11, "percent_covered": 0.0, "percent_covered_display": "0.00", "missing_lines": 11, "excluded_lines": 0}, "missing_lines": [221, 223, 224, 227, 242, 243, 244, 246, 261, 271, 273], "excluded_lines": []}, "PlottingUtils.create_dcf_waterfall_chart": {"executed_lines": [], "summary": {"covered_lines": 0, "num_statements": 7, "percent_covered": 0.0, "percent_covered_display": "0.00", "missing_lines": 7, "excluded_lines": 0}, "missing_lines": [288, 289, 292, 293, 296, 309, 316], "excluded_lines": []}, "PlottingUtils.create_sensitivity_heatmap": {"executed_lines": [], "summary": {"covered_lines": 0, "num_statements": 10, "percent_covered": 0.0, "percent_covered_display": "0.00", "missing_lines": 10, "excluded_lines": 0}, "missing_lines": [331, 332, 334, 335, 336, 338, 339, 341, 354, 361], "excluded_lines": []}, "PlottingUtils._create_empty_chart": {"executed_lines": [], "summary": {"covered_lines": 0, "num_statements": 3, "percent_covered": 0.0, "percent_covered_display": "0.00", "missing_lines": 3, "excluded_lines": 0}, "missing_lines": [373, 374, 383], "excluded_lines": []}, "PlottingUtils._calculate_average_fcf_values": {"executed_lines": [], "summary": {"covered_lines": 0, "num_statements": 24, "percent_covered": 0.0, "percent_covered_display": "0.00", "missing_lines": 24, "excluded_lines": 0}, "missing_lines": [398, 399, 402, 403, 404, 405, 406, 408, 409, 411, 414, 415, 416, 417, 418, 419, 420, 421, 422, 423, 425, 426, 428, 430], "excluded_lines": []}, "PlottingUtils.apply_common_styling": {"executed_lines": [], "summary": {"covered_lines": 0, "num_statements": 4, "percent_covered": 0.0, "percent_covered_display": "0.00", "missing_lines": 4, "excluded_lines": 0}, "missing_lines": [451, 464, 465, 467], "excluded_lines": []}, "": {"executed_lines": [], "summary": {"covered_lines": 0, "num_statements": 21, "percent_covered": 0.0, "percent_covered_display": "0.00", "missing_lines": 21, "excluded_lines": 0}, "missing_lines": [8, 9, 10, 11, 12, 13, 14, 15, 17, 20, 26, 33, 41, 45, 138, 202, 275, 318, 363, 385, 432], "excluded_lines": []}}, "classes": {"PlottingUtils": {"executed_lines": [], "summary": {"covered_lines": 0, "num_statements": 93, "percent_covered": 0.0, "percent_covered_display": "0.00", "missing_lines": 93, "excluded_lines": 0}, "missing_lines": [43, 66, 68, 69, 72, 73, 74, 77, 78, 82, 84, 99, 100, 101, 102, 123, 134, 136, 151, 153, 154, 157, 158, 159, 161, 162, 165, 166, 168, 170, 172, 188, 198, 200, 221, 223, 224, 227, 242, 243, 244, 246, 261, 271, 273, 288, 289, 292, 293, 296, 309, 316, 331, 332, 334, 335, 336, 338, 339, 341, 354, 361, 373, 374, 383, 398, 399, 402, 403, 404, 405, 406, 408, 409, 411, 414, 415, 416, 417, 418, 419, 420, 421, 422, 423, 425, 426, 428, 430, 451, 464, 465, 467], "excluded_lines": []}, "": {"executed_lines": [], "summary": {"covered_lines": 0, "num_statements": 21, "percent_covered": 0.0, "percent_covered_display": "0.00", "missing_lines": 21, "excluded_lines": 0}, "missing_lines": [8, 9, 10, 11, 12, 13, 14, 15, 17, 20, 26, 33, 41, 45, 138, 202, 275, 318, 363, 385, 432], "excluded_lines": []}}}}, "totals": {"covered_lines": 0, "num_statements": 13748, "percent_covered": 0.0, "percent_covered_display": "0.00", "missing_lines": 13748, "excluded_lines": 248}}